\BOOKMARK [1][-]{section.1}{\376\377\000T\000h\000e\000\040\000C\000o\000l\000l\000a\000p\000s\000e\000\040\000P\000r\000o\000b\000l\000e\000m\000:\000\040\000A\000\040\000M\000o\000t\000i\000v\000a\000t\000i\000n\000g\000\040\000F\000a\000i\000l\000u\000r\000e}{}% 1
\BOOKMARK [1][-]{section.2}{\376\377\000C\000o\000n\000s\000t\000r\000a\000i\000n\000t\000\040\000a\000n\000d\000\040\000I\000n\000t\000e\000r\000f\000a\000c\000e\000:\000\040\000T\000h\000e\000\040\000A\000b\000s\000t\000r\000a\000c\000t\000i\000o\000n\000\040\000T\000h\000e\000o\000r\000e\000m}{}% 2
\BOOKMARK [2][-]{subsection.2.1}{\376\377\000P\000r\000e\000l\000i\000m\000i\000n\000a\000r\000i\000e\000s}{section.2}% 3
\BOOKMARK [2][-]{subsection.2.2}{\376\377\000L\000e\000m\000m\000a\000:\000\040\000I\000n\000s\000t\000a\000b\000i\000l\000i\000t\000y\000\040\000U\000n\000d\000e\000r\000\040\000U\000n\000c\000o\000n\000s\000t\000r\000a\000i\000n\000e\000d\000\040\000G\000e\000n\000e\000r\000a\000t\000i\000o\000n}{section.2}% 4
\BOOKMARK [2][-]{subsection.2.3}{\376\377\000T\000h\000e\000\040\000A\000b\000s\000t\000r\000a\000c\000t\000i\000o\000n\000\040\000T\000h\000e\000o\000r\000e\000m}{section.2}% 5
\BOOKMARK [2][-]{subsection.2.4}{\376\377\000I\000n\000t\000e\000r\000p\000r\000e\000t\000a\000t\000i\000o\000n}{section.2}% 6
\BOOKMARK [1][-]{section.3}{\376\377\000E\000n\000c\000o\000d\000i\000n\000g\000\040\000a\000n\000d\000\040\000S\000p\000e\000c\000t\000r\000a\000l\000\040\000I\000n\000v\000a\000r\000i\000a\000n\000t\000s\000:\000\040\000T\000h\000e\000\040\000S\000u\000b\000s\000t\000r\000a\000t\000e\000\040\000T\000h\000e\000o\000r\000e\000m}{}% 7
\BOOKMARK [2][-]{subsection.3.1}{\376\377\000P\000r\000e\000l\000i\000m\000i\000n\000a\000r\000i\000e\000s}{section.3}% 8
\BOOKMARK [2][-]{subsection.3.2}{\376\377\000S\000u\000p\000p\000o\000r\000t\000i\000n\000g\000\040\000L\000e\000m\000m\000a\000s}{section.3}% 9
\BOOKMARK [2][-]{subsection.3.3}{\376\377\000T\000h\000e\000\040\000S\000u\000b\000s\000t\000r\000a\000t\000e\000\040\000T\000h\000e\000o\000r\000e\000m}{section.3}% 10
\BOOKMARK [2][-]{subsection.3.4}{\376\377\000I\000n\000t\000e\000r\000p\000r\000e\000t\000a\000t\000i\000o\000n}{section.3}% 11
\BOOKMARK [1][-]{section.4}{\376\377\000S\000p\000e\000c\000t\000r\000a\000l\000\040\000S\000e\000m\000a\000n\000t\000i\000c\000s\000\040\000a\000n\000d\000\040\000G\000e\000n\000e\000r\000a\000t\000i\000v\000e\000\040\000S\000i\000g\000n\000a\000t\000u\000r\000e\000s}{}% 12
\BOOKMARK [2][-]{subsection.4.1}{\376\377\000F\000r\000o\000m\000\040\000S\000y\000m\000b\000o\000l\000\040\000S\000e\000q\000u\000e\000n\000c\000e\000s\000\040\000t\000o\000\040\000O\000p\000e\000r\000a\000t\000o\000r\000s}{section.4}% 13
\BOOKMARK [2][-]{subsection.4.2}{\376\377\000G\000e\000n\000e\000r\000a\000t\000i\000v\000e\000\040\000S\000i\000g\000n\000a\000t\000u\000r\000e\000s\000\040\000a\000s\000\040\000P\000r\000o\000c\000e\000s\000s\000\040\000I\000n\000v\000a\000r\000i\000a\000n\000t\000s}{section.4}% 14
\BOOKMARK [2][-]{subsection.4.3}{\376\377\000R\000e\000l\000a\000t\000i\000o\000n\000\040\000t\000o\000\040\000C\000o\000m\000p\000r\000e\000s\000s\000i\000o\000n\000\040\000a\000n\000d\000\040\000K\000o\000l\000m\000o\000g\000o\000r\000o\000v\000\040\000S\000t\000r\000u\000c\000t\000u\000r\000e}{section.4}% 15
\BOOKMARK [2][-]{subsection.4.4}{\376\377\000S\000p\000e\000c\000t\000r\000a\000l\000\040\000C\000o\000l\000l\000a\000p\000s\000e\000\040\000a\000n\000d\000\040\000S\000e\000m\000a\000n\000t\000i\000c\000\040\000A\000t\000t\000r\000a\000c\000t\000o\000r\000s}{section.4}% 16
\BOOKMARK [2][-]{subsection.4.5}{\376\377\000I\000n\000t\000e\000r\000p\000r\000e\000t\000a\000t\000i\000o\000n}{section.4}% 17
\BOOKMARK [1][-]{section.5}{\376\377\000P\000o\000l\000i\000c\000y\000,\000\040\000C\000o\000n\000s\000t\000r\000a\000i\000n\000t\000\040\000L\000o\000a\000d\000,\000\040\000a\000n\000d\000\040\000E\000x\000p\000a\000n\000s\000i\000o\000n\000:\000\040\000T\000h\000e\000\040\000P\000o\000l\000i\000c\000y\000\040\000T\000h\000e\000o\000r\000e\000m}{}% 18
\BOOKMARK [2][-]{subsection.5.1}{\376\377\000P\000r\000e\000l\000i\000m\000i\000n\000a\000r\000i\000e\000s}{section.5}% 19
\BOOKMARK [2][-]{subsection.5.2}{\376\377\000C\000o\000l\000l\000a\000p\000s\000e\000\040\000L\000e\000m\000m\000a\000s}{section.5}% 20
\BOOKMARK [2][-]{subsection.5.3}{\376\377\000T\000h\000e\000\040\000P\000o\000l\000i\000c\000y\000\040\000T\000h\000e\000o\000r\000e\000m}{section.5}% 21
\BOOKMARK [2][-]{subsection.5.4}{\376\377\000E\000m\000b\000e\000d\000d\000i\000n\000g\000\040\000i\000n\000\040\000R\000S\000V\000P\000\040\000F\000i\000e\000l\000d\000\040\000D\000y\000n\000a\000m\000i\000c\000s}{section.5}% 22
\BOOKMARK [2][-]{subsection.5.5}{\376\377\000I\000n\000t\000e\000r\000p\000r\000e\000t\000a\000t\000i\000o\000n}{section.5}% 23
\BOOKMARK [1][-]{section.6}{\376\377\000E\000x\000p\000a\000n\000s\000i\000o\000n\000\040\000O\000p\000e\000r\000a\000t\000o\000r\000s\000\040\000a\000n\000d\000\040\000t\000h\000e\000\040\000A\000l\000g\000e\000b\000r\000a\000\040\000o\000f\000\040\000V\000i\000a\000b\000l\000e\000\040\000E\000x\000t\000e\000n\000s\000i\000o\000n}{}% 24
\BOOKMARK [2][-]{subsection.6.1}{\376\377\000O\000p\000e\000r\000a\000t\000o\000r\000s\000\040\000o\000n\000\040\000H\000i\000s\000t\000o\000r\000y\000\040\000S\000p\000a\000c\000e}{section.6}% 25
\BOOKMARK [2][-]{subsection.6.2}{\376\377\000N\000o\000n\000-\000C\000o\000m\000m\000u\000t\000a\000t\000i\000v\000i\000t\000y}{section.6}% 26
\BOOKMARK [2][-]{subsection.6.3}{\376\377\000C\000o\000n\000s\000t\000r\000a\000i\000n\000t\000\040\000I\000n\000t\000e\000r\000a\000c\000t\000i\000o\000n\000\040\000a\000n\000d\000\040\000O\000p\000e\000r\000a\000t\000o\000r\000\040\000B\000o\000u\000n\000d\000s}{section.6}% 27
\BOOKMARK [2][-]{subsection.6.4}{\376\377\000O\000p\000e\000r\000a\000t\000o\000r\000\040\000B\000a\000l\000a\000n\000c\000e\000\040\000a\000n\000d\000\040\000V\000i\000a\000b\000i\000l\000i\000t\000y}{section.6}% 28
\BOOKMARK [2][-]{subsection.6.5}{\376\377\000O\000p\000e\000r\000a\000t\000o\000r\000\040\000C\000l\000a\000s\000s\000i\000f\000i\000c\000a\000t\000i\000o\000n}{section.6}% 29
\BOOKMARK [2][-]{subsection.6.6}{\376\377\000I\000n\000t\000e\000r\000p\000r\000e\000t\000a\000t\000i\000o\000n}{section.6}% 30
\BOOKMARK [1][-]{section.7}{\376\377\000T\000h\000e\000\040\000N\000a\000r\000r\000a\000t\000i\000v\000e\000\040\000T\000y\000p\000e\000\040\000S\000y\000s\000t\000e\000m\000\040\000a\000s\000\040\000a\000\040\000D\000e\000p\000e\000n\000d\000e\000n\000t\000\040\000T\000y\000p\000e\000\040\000S\000t\000r\000u\000c\000t\000u\000r\000e}{}% 31
\BOOKMARK [2][-]{subsection.7.1}{\376\377\000T\000y\000p\000e\000s\000\040\000I\000n\000d\000e\000x\000e\000d\000\040\000b\000y\000\040\000H\000i\000s\000t\000o\000r\000y}{section.7}% 32
\BOOKMARK [2][-]{subsection.7.2}{\376\377\000I\000d\000e\000n\000t\000i\000t\000y\000\040\000a\000s\000\040\000a\000\040\000T\000y\000p\000e\000-\000L\000e\000v\000e\000l\000\040\000I\000n\000v\000a\000r\000i\000a\000n\000t}{section.7}% 33
\BOOKMARK [2][-]{subsection.7.3}{\376\377\000T\000y\000p\000e\000\040\000E\000x\000p\000a\000n\000s\000i\000o\000n\000\040\000a\000n\000d\000\040\000C\000o\000n\000s\000t\000r\000a\000i\000n\000t\000\040\000R\000e\000f\000i\000n\000e\000m\000e\000n\000t}{section.7}% 34
\BOOKMARK [2][-]{subsection.7.4}{\376\377\000T\000h\000e\000\040\000T\000y\000p\000e\000\040\000C\000o\000h\000e\000r\000e\000n\000c\000e\000\040\000T\000h\000e\000o\000r\000e\000m}{section.7}% 35
\BOOKMARK [2][-]{subsection.7.5}{\376\377\000I\000n\000t\000e\000r\000p\000r\000e\000t\000a\000t\000i\000o\000n}{section.7}% 36
\BOOKMARK [1][-]{section.8}{\376\377\000L\000o\000g\000\040\000S\000o\000v\000e\000r\000e\000i\000g\000n\000t\000y\000\040\000a\000n\000d\000\040\000A\000p\000p\000e\000n\000d\000-\000O\000n\000l\000y\000\040\000H\000i\000s\000t\000o\000r\000i\000e\000s}{}% 37
\BOOKMARK [2][-]{subsection.8.1}{\376\377\000A\000p\000p\000e\000n\000d\000-\000O\000n\000l\000y\000\040\000S\000t\000r\000u\000c\000t\000u\000r\000e\000\040\000a\000n\000d\000\040\000L\000o\000g\000\040\000S\000o\000v\000e\000r\000e\000i\000g\000n\000t\000y}{section.8}% 38
\BOOKMARK [2][-]{subsection.8.2}{\376\377\000I\000r\000r\000e\000v\000e\000r\000s\000i\000b\000i\000l\000i\000t\000y\000\040\000o\000f\000\040\000V\000i\000o\000l\000a\000t\000i\000o\000n\000s}{section.8}% 39
\BOOKMARK [2][-]{subsection.8.3}{\376\377\000L\000o\000g\000-\000P\000r\000e\000s\000e\000r\000v\000i\000n\000g\000\040\000E\000n\000c\000o\000d\000i\000n\000g}{section.8}% 40
\BOOKMARK [2][-]{subsection.8.4}{\376\377\000T\000h\000e\000\040\000L\000o\000g\000\040\000S\000o\000v\000e\000r\000e\000i\000g\000n\000t\000y\000\040\000T\000h\000e\000o\000r\000e\000m}{section.8}% 41
\BOOKMARK [2][-]{subsection.8.5}{\376\377\000I\000n\000t\000e\000r\000p\000r\000e\000t\000a\000t\000i\000o\000n}{section.8}% 42
\BOOKMARK [1][-]{section.9}{\376\377\000T\000e\000m\000p\000o\000r\000a\000l\000\040\000A\000s\000y\000m\000m\000e\000t\000r\000y\000\040\000a\000n\000d\000\040\000t\000h\000e\000\040\000F\000i\000r\000s\000t\000-\000P\000e\000r\000s\000o\000n\000\040\000C\000o\000n\000s\000t\000r\000a\000i\000n\000t}{}% 43
\BOOKMARK [2][-]{subsection.9.1}{\376\377\000T\000w\000o\000\040\000M\000o\000d\000e\000s\000\040\000o\000f\000\040\000A\000c\000c\000e\000s\000s}{section.9}% 44
\BOOKMARK [2][-]{subsection.9.2}{\376\377\000C\000o\000n\000s\000t\000r\000a\000i\000n\000t\000-\000R\000e\000s\000t\000r\000i\000c\000t\000e\000d\000\040\000A\000c\000c\000e\000s\000s\000i\000b\000i\000l\000i\000t\000y}{section.9}% 45
\BOOKMARK [2][-]{subsection.9.3}{\376\377\000T\000h\000e\000\040\000T\000e\000m\000p\000o\000r\000a\000l\000\040\000C\000o\000n\000s\000t\000r\000a\000i\000n\000t\000\040\000T\000h\000e\000o\000r\000e\000m}{section.9}% 46
\BOOKMARK [2][-]{subsection.9.4}{\376\377\000C\000o\000n\000n\000e\000c\000t\000i\000o\000n\000\040\000t\000o\000\040\000T\000e\000m\000p\000o\000r\000a\000l\000\040\000A\000s\000y\000m\000m\000e\000t\000r\000y\000\040\000i\000n\000\040\000P\000h\000i\000l\000o\000s\000o\000p\000h\000y\000\040\000o\000f\000\040\000M\000i\000n\000d}{section.9}% 47
\BOOKMARK [1][-]{section.10}{\376\377\000T\000h\000e\000\040\000C\000o\000m\000p\000i\000l\000e\000d\000\040\000S\000e\000l\000f\000:\000\040\000M\000a\000i\000n\000\040\000T\000h\000e\000o\000r\000e\000m}{}% 48
\BOOKMARK [2][-]{subsection.10.1}{\376\377\000T\000h\000e\000\040\000N\000a\000r\000r\000a\000t\000i\000v\000e\000\040\000T\000y\000p\000e\000\040\000S\000y\000s\000t\000e\000m}{section.10}% 49
\BOOKMARK [2][-]{subsection.10.2}{\376\377\000N\000o\000\040\000C\000o\000m\000p\000o\000n\000e\000n\000t\000\040\000I\000s\000\040\000R\000e\000d\000u\000n\000d\000a\000n\000t}{section.10}% 50
\BOOKMARK [2][-]{subsection.10.3}{\376\377\000T\000h\000e\000\040\000M\000a\000i\000n\000\040\000T\000h\000e\000o\000r\000e\000m}{section.10}% 51
\BOOKMARK [2][-]{subsection.10.4}{\376\377\000R\000S\000V\000P\000\040\000E\000m\000b\000e\000d\000d\000i\000n\000g}{section.10}% 52
\BOOKMARK [2][-]{subsection.10.5}{\376\377\000I\000n\000t\000e\000r\000p\000r\000e\000t\000a\000t\000i\000o\000n}{section.10}% 53
\BOOKMARK [1][-]{section.11}{\376\377\000P\000r\000o\000m\000p\000t\000i\000n\000g\000\040\000a\000s\000\040\000F\000i\000e\000l\000d\000\040\000P\000r\000o\000j\000e\000c\000t\000i\000o\000n\000:\000\040\000C\000a\000t\000e\000g\000o\000r\000i\000c\000a\000l\000\040\000a\000n\000d\000\040\000R\000S\000V\000P\000\040\000F\000o\000r\000m\000u\000l\000a\000t\000i\000o\000n}{}% 54
\BOOKMARK [2][-]{subsection.11.1}{\376\377\000T\000h\000e\000\040\000C\000a\000t\000e\000g\000o\000r\000y\000\040\000o\000f\000\040\000I\000n\000t\000e\000r\000n\000a\000l\000\040\000S\000t\000r\000u\000c\000t\000u\000r\000e\000s}{section.11}% 55
\BOOKMARK [2][-]{subsection.11.2}{\376\377\000R\000e\000n\000d\000e\000r\000i\000n\000g\000,\000\040\000V\000e\000r\000i\000f\000i\000c\000a\000t\000i\000o\000n\000,\000\040\000a\000n\000d\000\040\000t\000h\000e\000\040\000F\000u\000l\000l\000\040\000P\000i\000p\000e\000l\000i\000n\000e}{section.11}% 56
\BOOKMARK [2][-]{subsection.11.3}{\376\377\000R\000S\000V\000P\000\040\000E\000m\000b\000e\000d\000d\000i\000n\000g}{section.11}% 57
\BOOKMARK [2][-]{subsection.11.4}{\376\377\000T\000h\000e\000\040\000F\000i\000e\000l\000d\000\040\000P\000r\000o\000j\000e\000c\000t\000i\000o\000n\000\040\000T\000h\000e\000o\000r\000e\000m}{section.11}% 58
\BOOKMARK [2][-]{subsection.11.5}{\376\377\000I\000n\000t\000e\000r\000p\000r\000e\000t\000a\000t\000i\000o\000n}{section.11}% 59
\BOOKMARK [1][-]{section.12}{\376\377\000P\000r\000o\000v\000e\000n\000a\000n\000c\000e\000\040\000E\000x\000p\000o\000s\000u\000r\000e\000\040\000a\000n\000d\000\040\000t\000h\000e\000\040\000D\000e\000r\000i\000v\000a\000t\000i\000o\000n\000\040\000C\000e\000r\000t\000i\000f\000i\000c\000a\000t\000e}{}% 60
\BOOKMARK [2][-]{subsection.12.1}{\376\377\000T\000h\000e\000\040\000P\000r\000o\000v\000e\000n\000a\000n\000c\000e\000\040\000P\000r\000o\000b\000l\000e\000m}{section.12}% 61
\BOOKMARK [2][-]{subsection.12.2}{\376\377\000T\000h\000e\000\040\000D\000e\000r\000i\000v\000a\000t\000i\000o\000n\000\040\000C\000e\000r\000t\000i\000f\000i\000c\000a\000t\000e}{section.12}% 62
\BOOKMARK [2][-]{subsection.12.3}{\376\377\000T\000h\000e\000\040\000P\000r\000o\000v\000e\000n\000a\000n\000c\000e\000\040\000T\000h\000e\000o\000r\000e\000m}{section.12}% 63
\BOOKMARK [2][-]{subsection.12.4}{\376\377\000I\000n\000t\000e\000r\000p\000r\000e\000t\000a\000t\000i\000o\000n}{section.12}% 64
\BOOKMARK [1][-]{section.13}{\376\377\000T\000h\000e\000\040\000S\000e\000l\000f\000\040\000a\000s\000\040\000a\000\040\000P\000r\000o\000v\000e\000n\000a\000n\000c\000e\000-\000S\000t\000a\000b\000l\000e\000\040\000I\000n\000t\000e\000r\000f\000a\000c\000e}{}% 65
\BOOKMARK [2][-]{subsection.13.1}{\376\377\000I\000n\000t\000e\000r\000f\000a\000c\000e\000\040\000a\000s\000\040\000a\000\040\000F\000i\000x\000e\000d\000\040\000P\000o\000i\000n\000t}{section.13}% 66
\BOOKMARK [2][-]{subsection.13.2}{\376\377\000C\000l\000o\000s\000u\000r\000e\000\040\000U\000n\000d\000e\000r\000\040\000t\000h\000e\000\040\000T\000h\000e\000o\000r\000e\000m\000\040\000C\000h\000a\000i\000n}{section.13}% 67
\BOOKMARK [2][-]{subsection.13.3}{\376\377\000F\000a\000i\000l\000u\000r\000e\000\040\000M\000o\000d\000e\000s}{section.13}% 68
\BOOKMARK [2][-]{subsection.13.4}{\376\377\000I\000n\000t\000e\000r\000p\000r\000e\000t\000a\000t\000i\000o\000n}{section.13}% 69
\BOOKMARK [1][-]{section.14}{\376\377\000C\000o\000m\000p\000a\000r\000i\000s\000o\000n\000\040\000w\000i\000t\000h\000\040\000E\000x\000i\000s\000t\000i\000n\000g\000\040\000T\000h\000e\000o\000r\000i\000e\000s}{}% 70
\BOOKMARK [2][-]{subsection.14.1}{\376\377\000F\000u\000n\000c\000t\000i\000o\000n\000a\000l\000i\000s\000m\000\040\000a\000s\000\040\000P\000r\000o\000j\000e\000c\000t\000i\000o\000n\000\040\000o\000n\000t\000o\000\040\000T\000r\000a\000n\000s\000i\000t\000i\000o\000n\000\040\000S\000t\000r\000u\000c\000t\000u\000r\000e}{section.14}% 71
\BOOKMARK [2][-]{subsection.14.2}{\376\377\000I\000n\000t\000e\000g\000r\000a\000t\000e\000d\000\040\000I\000n\000f\000o\000r\000m\000a\000t\000i\000o\000n\000\040\000T\000h\000e\000o\000r\000y\000\040\000a\000s\000\040\000P\000r\000o\000j\000e\000c\000t\000i\000o\000n\000\040\000o\000n\000t\000o\000\040\000A\000c\000c\000e\000s\000s\000i\000b\000i\000l\000i\000t\000y\000\040\000S\000t\000r\000u\000c\000t\000u\000r\000e}{section.14}% 72
\BOOKMARK [2][-]{subsection.14.3}{\376\377\000F\000r\000e\000e\000\040\000E\000n\000e\000r\000g\000y\000\040\000P\000r\000i\000n\000c\000i\000p\000l\000e\000\040\000a\000s\000\040\000P\000r\000o\000j\000e\000c\000t\000i\000o\000n\000\040\000o\000n\000t\000o\000\040\000P\000o\000l\000i\000c\000y\000\040\000D\000y\000n\000a\000m\000i\000c\000s}{section.14}% 73
\BOOKMARK [2][-]{subsection.14.4}{\376\377\000T\000e\000m\000p\000o\000r\000a\000l\000\040\000A\000c\000c\000o\000u\000n\000t\000s\000\040\000a\000s\000\040\000A\000c\000c\000e\000s\000s\000i\000b\000i\000l\000i\000t\000y\000\040\000C\000o\000n\000s\000t\000r\000a\000i\000n\000t}{section.14}% 74
\BOOKMARK [2][-]{subsection.14.5}{\376\377\000S\000y\000n\000t\000h\000e\000s\000i\000s}{section.14}% 75
\BOOKMARK [1][-]{section.15}{\376\377\000O\000n\000\040\000t\000h\000e\000\040\000C\000l\000a\000s\000s\000i\000f\000i\000c\000a\000t\000i\000o\000n\000\040\000o\000f\000\040\000E\000x\000p\000a\000n\000s\000i\000o\000n\000\040\000O\000p\000e\000r\000a\000t\000o\000r\000s}{}% 76
\BOOKMARK [2][-]{subsection.15.1}{\376\377\000T\000a\000x\000o\000n\000o\000m\000y\000\040\000o\000f\000\040\000E\000x\000p\000a\000n\000s\000i\000o\000n\000\040\000O\000p\000e\000r\000a\000t\000o\000r\000s}{section.15}% 77
\BOOKMARK [2][-]{subsection.15.2}{\376\377\000C\000r\000o\000s\000s\000-\000D\000o\000m\000a\000i\000n\000\040\000C\000o\000m\000p\000o\000s\000i\000t\000i\000o\000n}{section.15}% 78
\BOOKMARK [2][-]{subsection.15.3}{\376\377\000S\000p\000e\000c\000t\000r\000a\000l\000\040\000C\000h\000a\000r\000a\000c\000t\000e\000r\000i\000z\000a\000t\000i\000o\000n\000\040\000o\000f\000\040\000E\000x\000p\000a\000n\000s\000i\000o\000n}{section.15}% 79
\BOOKMARK [2][-]{subsection.15.4}{\376\377\000E\000x\000p\000a\000n\000s\000i\000o\000n\000\040\000V\000i\000a\000b\000i\000l\000i\000t\000y\000\040\000T\000h\000e\000o\000r\000e\000m}{section.15}% 80
\BOOKMARK [2][-]{subsection.15.5}{\376\377\000I\000n\000t\000e\000r\000p\000r\000e\000t\000a\000t\000i\000o\000n}{section.15}% 81
