\BOOKMARK [1][-]{section.1}{\376\377\000P\000r\000e\000r\000e\000q\000u\000i\000s\000i\000t\000e\000s\000:\000\040\000G\000e\000n\000e\000r\000a\000t\000i\000v\000e\000\040\000S\000y\000s\000t\000e\000m\000s\000,\000\040\000C\000o\000n\000s\000t\000r\000a\000i\000n\000t\000,\000\040\000a\000n\000d\000\040\000t\000h\000e\000\040\000P\000a\000t\000h\000\040\000t\000o\000\040\000T\000h\000i\000s\000\040\000F\000r\000a\000m\000e\000w\000o\000r\000k}{}% 1
\BOOKMARK [2][-]{subsection.1.1}{\376\377\000C\000o\000m\000p\000u\000t\000a\000t\000i\000o\000n\000\040\000a\000s\000\040\000L\000a\000y\000e\000r\000e\000d\000\040\000C\000o\000n\000s\000t\000r\000a\000i\000n\000t}{section.1}% 2
\BOOKMARK [2][-]{subsection.1.2}{\376\377\000T\000e\000x\000t\000\040\000a\000s\000\040\000U\000n\000i\000v\000e\000r\000s\000a\000l\000\040\000S\000u\000b\000s\000t\000r\000a\000t\000e}{section.1}% 3
\BOOKMARK [2][-]{subsection.1.3}{\376\377\000T\000h\000e\000\040\000M\000a\000r\000k\000o\000v\000\040\000G\000e\000n\000e\000r\000a\000t\000o\000r\000\040\000a\000s\000\040\000M\000i\000n\000i\000m\000a\000l\000\040\000L\000a\000n\000g\000u\000a\000g\000e\000\040\000M\000o\000d\000e\000l}{section.1}% 4
\BOOKMARK [2][-]{subsection.1.4}{\376\377\000T\000h\000e\000\040\000F\000i\000r\000s\000t\000\040\000E\000x\000p\000e\000r\000i\000m\000e\000n\000t\000\040\000a\000n\000d\000\040\000I\000t\000s\000\040\000D\000i\000a\000g\000n\000o\000s\000t\000i\000c\000\040\000V\000a\000l\000u\000e}{section.1}% 5
\BOOKMARK [2][-]{subsection.1.5}{\376\377\000S\000p\000e\000c\000t\000r\000a\000l\000\040\000S\000t\000r\000u\000c\000t\000u\000r\000e\000\040\000o\000f\000\040\000G\000e\000n\000e\000r\000a\000t\000i\000v\000e\000\040\000P\000r\000o\000c\000e\000s\000s\000e\000s}{section.1}% 6
\BOOKMARK [2][-]{subsection.1.6}{\376\377\000T\000h\000e\000\040\000A\000s\000y\000m\000m\000e\000t\000r\000y\000\040\000B\000e\000t\000w\000e\000e\000n\000\040\000E\000c\000o\000s\000y\000s\000t\000e\000m\000\040\000S\000i\000m\000u\000l\000a\000t\000i\000o\000n\000\040\000a\000n\000d\000\040\000S\000e\000l\000f\000-\000M\000a\000i\000n\000t\000e\000n\000a\000n\000c\000e}{section.1}% 7
\BOOKMARK [2][-]{subsection.1.7}{\376\377\000P\000o\000l\000i\000c\000y\000\040\000S\000e\000l\000e\000c\000t\000i\000o\000n\000\040\000a\000s\000\040\000C\000o\000n\000s\000t\000r\000a\000i\000n\000t\000-\000P\000r\000e\000s\000e\000r\000v\000i\000n\000g\000\040\000N\000a\000r\000r\000a\000t\000i\000v\000e\000\040\000E\000x\000t\000e\000n\000s\000i\000o\000n}{section.1}% 8
\BOOKMARK [1][-]{section.2}{\376\377\000T\000h\000e\000\040\000C\000o\000l\000l\000a\000p\000s\000e\000\040\000P\000r\000o\000b\000l\000e\000m\000:\000\040\000A\000\040\000M\000o\000t\000i\000v\000a\000t\000i\000n\000g\000\040\000F\000a\000i\000l\000u\000r\000e}{}% 9
\BOOKMARK [1][-]{section.3}{\376\377\000C\000o\000n\000s\000t\000r\000a\000i\000n\000t\000\040\000a\000n\000d\000\040\000I\000n\000t\000e\000r\000f\000a\000c\000e\000:\000\040\000T\000h\000e\000\040\000A\000b\000s\000t\000r\000a\000c\000t\000i\000o\000n\000\040\000T\000h\000e\000o\000r\000e\000m}{}% 10
\BOOKMARK [2][-]{subsection.3.1}{\376\377\000P\000r\000e\000l\000i\000m\000i\000n\000a\000r\000i\000e\000s}{section.3}% 11
\BOOKMARK [2][-]{subsection.3.2}{\376\377\000L\000e\000m\000m\000a\000:\000\040\000I\000n\000s\000t\000a\000b\000i\000l\000i\000t\000y\000\040\000U\000n\000d\000e\000r\000\040\000U\000n\000c\000o\000n\000s\000t\000r\000a\000i\000n\000e\000d\000\040\000G\000e\000n\000e\000r\000a\000t\000i\000o\000n}{section.3}% 12
\BOOKMARK [2][-]{subsection.3.3}{\376\377\000T\000h\000e\000\040\000A\000b\000s\000t\000r\000a\000c\000t\000i\000o\000n\000\040\000T\000h\000e\000o\000r\000e\000m}{section.3}% 13
\BOOKMARK [2][-]{subsection.3.4}{\376\377\000I\000n\000t\000e\000r\000p\000r\000e\000t\000a\000t\000i\000o\000n}{section.3}% 14
\BOOKMARK [1][-]{section.4}{\376\377\000E\000n\000c\000o\000d\000i\000n\000g\000\040\000a\000n\000d\000\040\000S\000p\000e\000c\000t\000r\000a\000l\000\040\000I\000n\000v\000a\000r\000i\000a\000n\000t\000s\000:\000\040\000T\000h\000e\000\040\000S\000u\000b\000s\000t\000r\000a\000t\000e\000\040\000T\000h\000e\000o\000r\000e\000m}{}% 15
\BOOKMARK [2][-]{subsection.4.1}{\376\377\000P\000r\000e\000l\000i\000m\000i\000n\000a\000r\000i\000e\000s}{section.4}% 16
\BOOKMARK [2][-]{subsection.4.2}{\376\377\000S\000u\000p\000p\000o\000r\000t\000i\000n\000g\000\040\000L\000e\000m\000m\000a\000s}{section.4}% 17
\BOOKMARK [2][-]{subsection.4.3}{\376\377\000T\000h\000e\000\040\000S\000u\000b\000s\000t\000r\000a\000t\000e\000\040\000T\000h\000e\000o\000r\000e\000m}{section.4}% 18
\BOOKMARK [2][-]{subsection.4.4}{\376\377\000I\000n\000t\000e\000r\000p\000r\000e\000t\000a\000t\000i\000o\000n}{section.4}% 19
\BOOKMARK [1][-]{section.5}{\376\377\000S\000p\000e\000c\000t\000r\000a\000l\000\040\000S\000e\000m\000a\000n\000t\000i\000c\000s\000\040\000a\000n\000d\000\040\000G\000e\000n\000e\000r\000a\000t\000i\000v\000e\000\040\000S\000i\000g\000n\000a\000t\000u\000r\000e\000s}{}% 20
\BOOKMARK [2][-]{subsection.5.1}{\376\377\000F\000r\000o\000m\000\040\000S\000y\000m\000b\000o\000l\000\040\000S\000e\000q\000u\000e\000n\000c\000e\000s\000\040\000t\000o\000\040\000O\000p\000e\000r\000a\000t\000o\000r\000s}{section.5}% 21
\BOOKMARK [2][-]{subsection.5.2}{\376\377\000G\000e\000n\000e\000r\000a\000t\000i\000v\000e\000\040\000S\000i\000g\000n\000a\000t\000u\000r\000e\000s\000\040\000a\000s\000\040\000P\000r\000o\000c\000e\000s\000s\000\040\000I\000n\000v\000a\000r\000i\000a\000n\000t\000s}{section.5}% 22
\BOOKMARK [2][-]{subsection.5.3}{\376\377\000R\000e\000l\000a\000t\000i\000o\000n\000\040\000t\000o\000\040\000C\000o\000m\000p\000r\000e\000s\000s\000i\000o\000n\000\040\000a\000n\000d\000\040\000K\000o\000l\000m\000o\000g\000o\000r\000o\000v\000\040\000S\000t\000r\000u\000c\000t\000u\000r\000e}{section.5}% 23
\BOOKMARK [2][-]{subsection.5.4}{\376\377\000S\000p\000e\000c\000t\000r\000a\000l\000\040\000C\000o\000l\000l\000a\000p\000s\000e\000\040\000a\000n\000d\000\040\000S\000e\000m\000a\000n\000t\000i\000c\000\040\000A\000t\000t\000r\000a\000c\000t\000o\000r\000s}{section.5}% 24
\BOOKMARK [2][-]{subsection.5.5}{\376\377\000I\000n\000t\000e\000r\000p\000r\000e\000t\000a\000t\000i\000o\000n}{section.5}% 25
\BOOKMARK [1][-]{section.6}{\376\377\000P\000o\000l\000i\000c\000y\000,\000\040\000C\000o\000n\000s\000t\000r\000a\000i\000n\000t\000\040\000L\000o\000a\000d\000,\000\040\000a\000n\000d\000\040\000E\000x\000p\000a\000n\000s\000i\000o\000n\000:\000\040\000T\000h\000e\000\040\000P\000o\000l\000i\000c\000y\000\040\000T\000h\000e\000o\000r\000e\000m}{}% 26
\BOOKMARK [2][-]{subsection.6.1}{\376\377\000P\000r\000e\000l\000i\000m\000i\000n\000a\000r\000i\000e\000s}{section.6}% 27
\BOOKMARK [2][-]{subsection.6.2}{\376\377\000C\000o\000l\000l\000a\000p\000s\000e\000\040\000L\000e\000m\000m\000a\000s}{section.6}% 28
\BOOKMARK [2][-]{subsection.6.3}{\376\377\000T\000h\000e\000\040\000P\000o\000l\000i\000c\000y\000\040\000T\000h\000e\000o\000r\000e\000m}{section.6}% 29
\BOOKMARK [2][-]{subsection.6.4}{\376\377\000E\000m\000b\000e\000d\000d\000i\000n\000g\000\040\000i\000n\000\040\000R\000S\000V\000P\000\040\000F\000i\000e\000l\000d\000\040\000D\000y\000n\000a\000m\000i\000c\000s}{section.6}% 30
\BOOKMARK [2][-]{subsection.6.5}{\376\377\000I\000n\000t\000e\000r\000p\000r\000e\000t\000a\000t\000i\000o\000n}{section.6}% 31
\BOOKMARK [1][-]{section.7}{\376\377\000E\000x\000p\000a\000n\000s\000i\000o\000n\000\040\000O\000p\000e\000r\000a\000t\000o\000r\000s\000\040\000a\000n\000d\000\040\000t\000h\000e\000\040\000A\000l\000g\000e\000b\000r\000a\000\040\000o\000f\000\040\000V\000i\000a\000b\000l\000e\000\040\000E\000x\000t\000e\000n\000s\000i\000o\000n}{}% 32
\BOOKMARK [2][-]{subsection.7.1}{\376\377\000O\000p\000e\000r\000a\000t\000o\000r\000s\000\040\000o\000n\000\040\000H\000i\000s\000t\000o\000r\000y\000\040\000S\000p\000a\000c\000e}{section.7}% 33
\BOOKMARK [2][-]{subsection.7.2}{\376\377\000N\000o\000n\000-\000C\000o\000m\000m\000u\000t\000a\000t\000i\000v\000i\000t\000y}{section.7}% 34
\BOOKMARK [2][-]{subsection.7.3}{\376\377\000C\000o\000n\000s\000t\000r\000a\000i\000n\000t\000\040\000I\000n\000t\000e\000r\000a\000c\000t\000i\000o\000n\000\040\000a\000n\000d\000\040\000O\000p\000e\000r\000a\000t\000o\000r\000\040\000B\000o\000u\000n\000d\000s}{section.7}% 35
\BOOKMARK [2][-]{subsection.7.4}{\376\377\000O\000p\000e\000r\000a\000t\000o\000r\000\040\000B\000a\000l\000a\000n\000c\000e\000\040\000a\000n\000d\000\040\000V\000i\000a\000b\000i\000l\000i\000t\000y}{section.7}% 36
\BOOKMARK [2][-]{subsection.7.5}{\376\377\000O\000p\000e\000r\000a\000t\000o\000r\000\040\000C\000l\000a\000s\000s\000i\000f\000i\000c\000a\000t\000i\000o\000n}{section.7}% 37
\BOOKMARK [2][-]{subsection.7.6}{\376\377\000I\000n\000t\000e\000r\000p\000r\000e\000t\000a\000t\000i\000o\000n}{section.7}% 38
\BOOKMARK [1][-]{section.8}{\376\377\000T\000h\000e\000\040\000N\000a\000r\000r\000a\000t\000i\000v\000e\000\040\000T\000y\000p\000e\000\040\000S\000y\000s\000t\000e\000m\000\040\000a\000s\000\040\000a\000\040\000D\000e\000p\000e\000n\000d\000e\000n\000t\000\040\000T\000y\000p\000e\000\040\000S\000t\000r\000u\000c\000t\000u\000r\000e}{}% 39
\BOOKMARK [2][-]{subsection.8.1}{\376\377\000T\000y\000p\000e\000s\000\040\000I\000n\000d\000e\000x\000e\000d\000\040\000b\000y\000\040\000H\000i\000s\000t\000o\000r\000y}{section.8}% 40
\BOOKMARK [2][-]{subsection.8.2}{\376\377\000I\000d\000e\000n\000t\000i\000t\000y\000\040\000a\000s\000\040\000a\000\040\000T\000y\000p\000e\000-\000L\000e\000v\000e\000l\000\040\000I\000n\000v\000a\000r\000i\000a\000n\000t}{section.8}% 41
\BOOKMARK [2][-]{subsection.8.3}{\376\377\000T\000y\000p\000e\000\040\000E\000x\000p\000a\000n\000s\000i\000o\000n\000\040\000a\000n\000d\000\040\000C\000o\000n\000s\000t\000r\000a\000i\000n\000t\000\040\000R\000e\000f\000i\000n\000e\000m\000e\000n\000t}{section.8}% 42
\BOOKMARK [2][-]{subsection.8.4}{\376\377\000T\000h\000e\000\040\000T\000y\000p\000e\000\040\000C\000o\000h\000e\000r\000e\000n\000c\000e\000\040\000T\000h\000e\000o\000r\000e\000m}{section.8}% 43
\BOOKMARK [2][-]{subsection.8.5}{\376\377\000I\000n\000t\000e\000r\000p\000r\000e\000t\000a\000t\000i\000o\000n}{section.8}% 44
\BOOKMARK [1][-]{section.9}{\376\377\000L\000o\000g\000\040\000S\000o\000v\000e\000r\000e\000i\000g\000n\000t\000y\000\040\000a\000n\000d\000\040\000A\000p\000p\000e\000n\000d\000-\000O\000n\000l\000y\000\040\000H\000i\000s\000t\000o\000r\000i\000e\000s}{}% 45
\BOOKMARK [2][-]{subsection.9.1}{\376\377\000A\000p\000p\000e\000n\000d\000-\000O\000n\000l\000y\000\040\000S\000t\000r\000u\000c\000t\000u\000r\000e\000\040\000a\000n\000d\000\040\000L\000o\000g\000\040\000S\000o\000v\000e\000r\000e\000i\000g\000n\000t\000y}{section.9}% 46
\BOOKMARK [2][-]{subsection.9.2}{\376\377\000I\000r\000r\000e\000v\000e\000r\000s\000i\000b\000i\000l\000i\000t\000y\000\040\000o\000f\000\040\000V\000i\000o\000l\000a\000t\000i\000o\000n\000s}{section.9}% 47
\BOOKMARK [2][-]{subsection.9.3}{\376\377\000L\000o\000g\000-\000P\000r\000e\000s\000e\000r\000v\000i\000n\000g\000\040\000E\000n\000c\000o\000d\000i\000n\000g}{section.9}% 48
\BOOKMARK [2][-]{subsection.9.4}{\376\377\000T\000h\000e\000\040\000L\000o\000g\000\040\000S\000o\000v\000e\000r\000e\000i\000g\000n\000t\000y\000\040\000T\000h\000e\000o\000r\000e\000m}{section.9}% 49
\BOOKMARK [2][-]{subsection.9.5}{\376\377\000I\000n\000t\000e\000r\000p\000r\000e\000t\000a\000t\000i\000o\000n}{section.9}% 50
\BOOKMARK [1][-]{section.10}{\376\377\000T\000e\000m\000p\000o\000r\000a\000l\000\040\000A\000s\000y\000m\000m\000e\000t\000r\000y\000\040\000a\000n\000d\000\040\000t\000h\000e\000\040\000F\000i\000r\000s\000t\000-\000P\000e\000r\000s\000o\000n\000\040\000C\000o\000n\000s\000t\000r\000a\000i\000n\000t}{}% 51
\BOOKMARK [2][-]{subsection.10.1}{\376\377\000T\000w\000o\000\040\000M\000o\000d\000e\000s\000\040\000o\000f\000\040\000A\000c\000c\000e\000s\000s}{section.10}% 52
\BOOKMARK [2][-]{subsection.10.2}{\376\377\000C\000o\000n\000s\000t\000r\000a\000i\000n\000t\000-\000R\000e\000s\000t\000r\000i\000c\000t\000e\000d\000\040\000A\000c\000c\000e\000s\000s\000i\000b\000i\000l\000i\000t\000y}{section.10}% 53
\BOOKMARK [2][-]{subsection.10.3}{\376\377\000T\000h\000e\000\040\000T\000e\000m\000p\000o\000r\000a\000l\000\040\000C\000o\000n\000s\000t\000r\000a\000i\000n\000t\000\040\000T\000h\000e\000o\000r\000e\000m}{section.10}% 54
\BOOKMARK [2][-]{subsection.10.4}{\376\377\000C\000o\000n\000n\000e\000c\000t\000i\000o\000n\000\040\000t\000o\000\040\000T\000e\000m\000p\000o\000r\000a\000l\000\040\000A\000s\000y\000m\000m\000e\000t\000r\000y\000\040\000i\000n\000\040\000P\000h\000i\000l\000o\000s\000o\000p\000h\000y\000\040\000o\000f\000\040\000M\000i\000n\000d}{section.10}% 55
\BOOKMARK [1][-]{section.11}{\376\377\000T\000h\000e\000\040\000C\000o\000m\000p\000i\000l\000e\000d\000\040\000S\000e\000l\000f\000:\000\040\000M\000a\000i\000n\000\040\000T\000h\000e\000o\000r\000e\000m}{}% 56
\BOOKMARK [2][-]{subsection.11.1}{\376\377\000T\000h\000e\000\040\000N\000a\000r\000r\000a\000t\000i\000v\000e\000\040\000T\000y\000p\000e\000\040\000S\000y\000s\000t\000e\000m}{section.11}% 57
\BOOKMARK [2][-]{subsection.11.2}{\376\377\000N\000o\000\040\000C\000o\000m\000p\000o\000n\000e\000n\000t\000\040\000I\000s\000\040\000R\000e\000d\000u\000n\000d\000a\000n\000t}{section.11}% 58
\BOOKMARK [2][-]{subsection.11.3}{\376\377\000T\000h\000e\000\040\000M\000a\000i\000n\000\040\000T\000h\000e\000o\000r\000e\000m}{section.11}% 59
\BOOKMARK [2][-]{subsection.11.4}{\376\377\000R\000S\000V\000P\000\040\000E\000m\000b\000e\000d\000d\000i\000n\000g}{section.11}% 60
\BOOKMARK [2][-]{subsection.11.5}{\376\377\000I\000n\000t\000e\000r\000p\000r\000e\000t\000a\000t\000i\000o\000n}{section.11}% 61
\BOOKMARK [1][-]{section.12}{\376\377\000P\000r\000o\000m\000p\000t\000i\000n\000g\000\040\000a\000s\000\040\000F\000i\000e\000l\000d\000\040\000P\000r\000o\000j\000e\000c\000t\000i\000o\000n\000:\000\040\000C\000a\000t\000e\000g\000o\000r\000i\000c\000a\000l\000\040\000a\000n\000d\000\040\000R\000S\000V\000P\000\040\000F\000o\000r\000m\000u\000l\000a\000t\000i\000o\000n}{}% 62
\BOOKMARK [2][-]{subsection.12.1}{\376\377\000T\000h\000e\000\040\000C\000a\000t\000e\000g\000o\000r\000y\000\040\000o\000f\000\040\000I\000n\000t\000e\000r\000n\000a\000l\000\040\000S\000t\000r\000u\000c\000t\000u\000r\000e\000s}{section.12}% 63
\BOOKMARK [2][-]{subsection.12.2}{\376\377\000R\000e\000n\000d\000e\000r\000i\000n\000g\000,\000\040\000V\000e\000r\000i\000f\000i\000c\000a\000t\000i\000o\000n\000,\000\040\000a\000n\000d\000\040\000t\000h\000e\000\040\000F\000u\000l\000l\000\040\000P\000i\000p\000e\000l\000i\000n\000e}{section.12}% 64
\BOOKMARK [2][-]{subsection.12.3}{\376\377\000R\000S\000V\000P\000\040\000E\000m\000b\000e\000d\000d\000i\000n\000g}{section.12}% 65
\BOOKMARK [2][-]{subsection.12.4}{\376\377\000T\000h\000e\000\040\000F\000i\000e\000l\000d\000\040\000P\000r\000o\000j\000e\000c\000t\000i\000o\000n\000\040\000T\000h\000e\000o\000r\000e\000m}{section.12}% 66
\BOOKMARK [2][-]{subsection.12.5}{\376\377\000I\000n\000t\000e\000r\000p\000r\000e\000t\000a\000t\000i\000o\000n}{section.12}% 67
\BOOKMARK [1][-]{section.13}{\376\377\000P\000r\000o\000v\000e\000n\000a\000n\000c\000e\000\040\000E\000x\000p\000o\000s\000u\000r\000e\000\040\000a\000n\000d\000\040\000t\000h\000e\000\040\000D\000e\000r\000i\000v\000a\000t\000i\000o\000n\000\040\000C\000e\000r\000t\000i\000f\000i\000c\000a\000t\000e}{}% 68
\BOOKMARK [2][-]{subsection.13.1}{\376\377\000T\000h\000e\000\040\000P\000r\000o\000v\000e\000n\000a\000n\000c\000e\000\040\000P\000r\000o\000b\000l\000e\000m}{section.13}% 69
\BOOKMARK [2][-]{subsection.13.2}{\376\377\000T\000h\000e\000\040\000D\000e\000r\000i\000v\000a\000t\000i\000o\000n\000\040\000C\000e\000r\000t\000i\000f\000i\000c\000a\000t\000e}{section.13}% 70
\BOOKMARK [2][-]{subsection.13.3}{\376\377\000T\000h\000e\000\040\000P\000r\000o\000v\000e\000n\000a\000n\000c\000e\000\040\000T\000h\000e\000o\000r\000e\000m}{section.13}% 71
\BOOKMARK [2][-]{subsection.13.4}{\376\377\000I\000n\000t\000e\000r\000p\000r\000e\000t\000a\000t\000i\000o\000n}{section.13}% 72
\BOOKMARK [1][-]{section.14}{\376\377\000T\000h\000e\000\040\000S\000e\000l\000f\000\040\000a\000s\000\040\000a\000\040\000P\000r\000o\000v\000e\000n\000a\000n\000c\000e\000-\000S\000t\000a\000b\000l\000e\000\040\000I\000n\000t\000e\000r\000f\000a\000c\000e}{}% 73
\BOOKMARK [2][-]{subsection.14.1}{\376\377\000I\000n\000t\000e\000r\000f\000a\000c\000e\000\040\000a\000s\000\040\000a\000\040\000F\000i\000x\000e\000d\000\040\000P\000o\000i\000n\000t}{section.14}% 74
\BOOKMARK [2][-]{subsection.14.2}{\376\377\000C\000l\000o\000s\000u\000r\000e\000\040\000U\000n\000d\000e\000r\000\040\000t\000h\000e\000\040\000T\000h\000e\000o\000r\000e\000m\000\040\000C\000h\000a\000i\000n}{section.14}% 75
\BOOKMARK [2][-]{subsection.14.3}{\376\377\000F\000a\000i\000l\000u\000r\000e\000\040\000M\000o\000d\000e\000s}{section.14}% 76
\BOOKMARK [2][-]{subsection.14.4}{\376\377\000I\000n\000t\000e\000r\000p\000r\000e\000t\000a\000t\000i\000o\000n}{section.14}% 77
\BOOKMARK [1][-]{section.15}{\376\377\000C\000o\000m\000p\000a\000r\000i\000s\000o\000n\000\040\000w\000i\000t\000h\000\040\000E\000x\000i\000s\000t\000i\000n\000g\000\040\000T\000h\000e\000o\000r\000i\000e\000s}{}% 78
\BOOKMARK [2][-]{subsection.15.1}{\376\377\000F\000u\000n\000c\000t\000i\000o\000n\000a\000l\000i\000s\000m\000\040\000a\000s\000\040\000P\000r\000o\000j\000e\000c\000t\000i\000o\000n\000\040\000o\000n\000t\000o\000\040\000T\000r\000a\000n\000s\000i\000t\000i\000o\000n\000\040\000S\000t\000r\000u\000c\000t\000u\000r\000e}{section.15}% 79
\BOOKMARK [2][-]{subsection.15.2}{\376\377\000I\000n\000t\000e\000g\000r\000a\000t\000e\000d\000\040\000I\000n\000f\000o\000r\000m\000a\000t\000i\000o\000n\000\040\000T\000h\000e\000o\000r\000y\000\040\000a\000s\000\040\000P\000r\000o\000j\000e\000c\000t\000i\000o\000n\000\040\000o\000n\000t\000o\000\040\000A\000c\000c\000e\000s\000s\000i\000b\000i\000l\000i\000t\000y\000\040\000S\000t\000r\000u\000c\000t\000u\000r\000e}{section.15}% 80
\BOOKMARK [2][-]{subsection.15.3}{\376\377\000F\000r\000e\000e\000\040\000E\000n\000e\000r\000g\000y\000\040\000P\000r\000i\000n\000c\000i\000p\000l\000e\000\040\000a\000s\000\040\000P\000r\000o\000j\000e\000c\000t\000i\000o\000n\000\040\000o\000n\000t\000o\000\040\000P\000o\000l\000i\000c\000y\000\040\000D\000y\000n\000a\000m\000i\000c\000s}{section.15}% 81
\BOOKMARK [2][-]{subsection.15.4}{\376\377\000T\000e\000m\000p\000o\000r\000a\000l\000\040\000A\000c\000c\000o\000u\000n\000t\000s\000\040\000a\000s\000\040\000A\000c\000c\000e\000s\000s\000i\000b\000i\000l\000i\000t\000y\000\040\000C\000o\000n\000s\000t\000r\000a\000i\000n\000t}{section.15}% 82
\BOOKMARK [2][-]{subsection.15.5}{\376\377\000S\000y\000n\000t\000h\000e\000s\000i\000s}{section.15}% 83
\BOOKMARK [1][-]{section.16}{\376\377\000O\000n\000\040\000t\000h\000e\000\040\000C\000l\000a\000s\000s\000i\000f\000i\000c\000a\000t\000i\000o\000n\000\040\000o\000f\000\040\000E\000x\000p\000a\000n\000s\000i\000o\000n\000\040\000O\000p\000e\000r\000a\000t\000o\000r\000s}{}% 84
\BOOKMARK [2][-]{subsection.16.1}{\376\377\000T\000a\000x\000o\000n\000o\000m\000y\000\040\000o\000f\000\040\000E\000x\000p\000a\000n\000s\000i\000o\000n\000\040\000O\000p\000e\000r\000a\000t\000o\000r\000s}{section.16}% 85
\BOOKMARK [2][-]{subsection.16.2}{\376\377\000C\000r\000o\000s\000s\000-\000D\000o\000m\000a\000i\000n\000\040\000C\000o\000m\000p\000o\000s\000i\000t\000i\000o\000n}{section.16}% 86
\BOOKMARK [2][-]{subsection.16.3}{\376\377\000S\000p\000e\000c\000t\000r\000a\000l\000\040\000C\000h\000a\000r\000a\000c\000t\000e\000r\000i\000z\000a\000t\000i\000o\000n\000\040\000o\000f\000\040\000E\000x\000p\000a\000n\000s\000i\000o\000n}{section.16}% 87
\BOOKMARK [2][-]{subsection.16.4}{\376\377\000E\000x\000p\000a\000n\000s\000i\000o\000n\000\040\000V\000i\000a\000b\000i\000l\000i\000t\000y\000\040\000T\000h\000e\000o\000r\000e\000m}{section.16}% 88
\BOOKMARK [2][-]{subsection.16.5}{\376\377\000I\000n\000t\000e\000r\000p\000r\000e\000t\000a\000t\000i\000o\000n}{section.16}% 89
\BOOKMARK [1][-]{section.17}{\376\377\000C\000o\000r\000r\000e\000s\000p\000o\000n\000d\000e\000n\000c\000e\000\040\000a\000n\000d\000\040\000I\000n\000s\000t\000a\000n\000t\000i\000a\000t\000i\000o\000n\000\040\000A\000c\000r\000o\000s\000s\000\040\000R\000e\000a\000l\000\040\000S\000y\000s\000t\000e\000m\000s}{}% 90
\BOOKMARK [2][-]{subsection.17.1}{\376\377\000I\000n\000s\000t\000a\000n\000t\000i\000a\000t\000i\000o\000n\000\040\000i\000n\000\040\000P\000r\000o\000g\000r\000a\000m\000m\000i\000n\000g\000\040\000L\000a\000n\000g\000u\000a\000g\000e\000s\000\040\000a\000n\000d\000\040\000C\000o\000m\000p\000i\000l\000e\000r\000s}{section.17}% 91
\BOOKMARK [2][-]{subsection.17.2}{\376\377\000I\000n\000s\000t\000a\000n\000t\000i\000a\000t\000i\000o\000n\000\040\000i\000n\000\040\000D\000i\000s\000t\000r\000i\000b\000u\000t\000e\000d\000\040\000S\000y\000s\000t\000e\000m\000s}{section.17}% 92
\BOOKMARK [2][-]{subsection.17.3}{\376\377\000I\000n\000s\000t\000a\000n\000t\000i\000a\000t\000i\000o\000n\000\040\000i\000n\000\040\000M\000a\000c\000h\000i\000n\000e\000\040\000L\000e\000a\000r\000n\000i\000n\000g\000\040\000a\000n\000d\000\040\000L\000a\000n\000g\000u\000a\000g\000e\000\040\000M\000o\000d\000e\000l\000s}{section.17}% 93
\BOOKMARK [2][-]{subsection.17.4}{\376\377\000I\000n\000s\000t\000a\000n\000t\000i\000a\000t\000i\000o\000n\000\040\000i\000n\000\040\000B\000i\000o\000l\000o\000g\000i\000c\000a\000l\000\040\000S\000y\000s\000t\000e\000m\000s}{section.17}% 94
\BOOKMARK [2][-]{subsection.17.5}{\376\377\000U\000n\000i\000f\000i\000e\000d\000\040\000I\000n\000t\000e\000r\000p\000r\000e\000t\000a\000t\000i\000o\000n}{section.17}% 95
\BOOKMARK [1][-]{section.18}{\376\377\000T\000h\000e\000\040\000C\000o\000m\000p\000i\000l\000e\000d\000\040\000S\000e\000l\000f\000\040\000i\000n\000\040\000t\000h\000e\000\040\000H\000u\000m\000a\000n\000-\000M\000a\000c\000h\000i\000n\000e\000\040\000E\000r\000a\000:\000\040\000G\000o\000v\000e\000r\000n\000a\000n\000c\000e\000,\000\040\000L\000a\000b\000o\000r\000,\000\040\000a\000n\000d\000\040\000D\000a\000t\000a\000\040\000J\000u\000s\000t\000i\000c\000e}{}% 96
\BOOKMARK [2][-]{subsection.18.1}{\376\377\000T\000h\000e\000\040\000P\000r\000o\000l\000i\000f\000e\000r\000a\000t\000i\000o\000n\000\040\000o\000f\000\040\000C\000o\000m\000p\000i\000l\000e\000d\000\040\000I\000d\000e\000n\000t\000i\000t\000y}{section.18}% 97
\BOOKMARK [2][-]{subsection.18.2}{\376\377\000I\000n\000s\000t\000i\000t\000u\000t\000i\000o\000n\000a\000l\000\040\000A\000r\000c\000h\000i\000t\000e\000c\000t\000s\000\040\000a\000n\000d\000\040\000D\000a\000t\000a\000\040\000S\000h\000a\000r\000i\000n\000g\000\040\000R\000e\000g\000i\000m\000e\000s}{section.18}% 98
\BOOKMARK [2][-]{subsection.18.3}{\376\377\000D\000i\000g\000i\000t\000a\000l\000\040\000D\000o\000p\000p\000e\000l\000g\000a\000n\000g\000e\000r\000s\000\040\000a\000n\000d\000\040\000t\000h\000e\000\040\000C\000o\000m\000m\000o\000d\000i\000f\000i\000c\000a\000t\000i\000o\000n\000\040\000o\000f\000\040\000P\000r\000o\000v\000e\000n\000a\000n\000c\000e}{section.18}% 99
\BOOKMARK [2][-]{subsection.18.4}{\376\377\000A\000l\000g\000o\000r\000i\000t\000h\000m\000i\000c\000\040\000G\000a\000t\000e\000k\000e\000e\000p\000i\000n\000g\000\040\000a\000n\000d\000\040\000t\000h\000e\000\040\000S\000t\000a\000k\000e\000s\000\040\000o\000f\000\040\000C\000o\000m\000p\000i\000l\000e\000d\000\040\000I\000d\000e\000n\000t\000i\000t\000y}{section.18}% 100
\BOOKMARK [2][-]{subsection.18.5}{\376\377\000W\000o\000r\000k\000s\000l\000o\000p\000,\000\040\000C\000o\000g\000n\000i\000t\000i\000v\000e\000\040\000L\000o\000a\000d\000,\000\040\000a\000n\000d\000\040\000t\000h\000e\000\040\000D\000e\000g\000r\000a\000d\000a\000t\000i\000o\000n\000\040\000o\000f\000\040\000t\000h\000e\000\040\000G\000e\000n\000e\000r\000a\000t\000i\000v\000e\000\040\000S\000u\000b\000s\000t\000r\000a\000t\000e}{section.18}% 101
\BOOKMARK [2][-]{subsection.18.6}{\376\377\000P\000r\000i\000n\000c\000i\000p\000l\000e\000s\000\040\000f\000o\000r\000\040\000a\000n\000\040\000E\000q\000u\000i\000t\000a\000b\000l\000e\000\040\000C\000o\000m\000p\000i\000l\000e\000d\000\040\000S\000e\000l\000f}{section.18}% 102
\BOOKMARK [1][-]{section.19}{\376\377\000N\000o\000n\000t\000r\000i\000v\000i\000a\000l\000\040\000C\000o\000n\000s\000e\000q\000u\000e\000n\000c\000e\000s\000\040\000a\000n\000d\000\040\000F\000a\000l\000s\000i\000f\000i\000a\000b\000i\000l\000i\000t\000y}{}% 103
\BOOKMARK [2][-]{subsection.19.1}{\376\377\000T\000h\000e\000\040\000C\000o\000l\000l\000a\000p\000s\000e\000\040\000C\000o\000n\000s\000t\000r\000a\000i\000n\000t}{section.19}% 104
\BOOKMARK [2][-]{subsection.19.2}{\376\377\000T\000h\000e\000\040\000E\000x\000p\000a\000n\000s\000i\000o\000n\000-\000R\000e\000s\000t\000r\000i\000c\000t\000i\000o\000n\000\040\000I\000n\000s\000t\000a\000b\000i\000l\000i\000t\000y}{section.19}% 105
\BOOKMARK [2][-]{subsection.19.3}{\376\377\000C\000o\000n\000s\000t\000r\000a\000i\000n\000t\000\040\000N\000e\000c\000e\000s\000s\000i\000t\000y}{section.19}% 106
\BOOKMARK [1][-]{section.20}{\376\377\000O\000p\000e\000r\000a\000t\000i\000o\000n\000a\000l\000\040\000S\000e\000m\000a\000n\000t\000i\000c\000s\000\040\000a\000n\000d\000\040\000C\000o\000n\000c\000r\000e\000t\000e\000\040\000I\000n\000s\000t\000a\000n\000t\000i\000a\000t\000i\000o\000n}{}% 107
\BOOKMARK [2][-]{subsection.20.1}{\376\377\000S\000p\000e\000c\000t\000r\000a\000l\000\040\000S\000i\000g\000n\000a\000t\000u\000r\000e\000s\000\040\000a\000s\000\040\000C\000o\000m\000p\000u\000t\000a\000b\000l\000e\000\040\000O\000b\000j\000e\000c\000t\000s}{section.20}% 108
\BOOKMARK [2][-]{subsection.20.2}{\376\377\000C\000o\000n\000s\000t\000r\000a\000i\000n\000t\000\040\000E\000v\000a\000l\000u\000a\000t\000i\000o\000n\000\040\000a\000s\000\040\000P\000r\000o\000g\000r\000a\000m\000m\000a\000t\000i\000c\000\040\000V\000e\000r\000i\000f\000i\000c\000a\000t\000i\000o\000n}{section.20}% 109
\BOOKMARK [2][-]{subsection.20.3}{\376\377\000I\000n\000s\000t\000a\000n\000t\000i\000a\000t\000i\000o\000n\000\040\000i\000n\000\040\000E\000x\000i\000s\000t\000i\000n\000g\000\040\000A\000r\000c\000h\000i\000t\000e\000c\000t\000u\000r\000e\000s}{section.20}% 110
\BOOKMARK [1][-]{section.21}{\376\377\000P\000o\000s\000i\000t\000i\000o\000n\000\040\000R\000e\000l\000a\000t\000i\000v\000e\000\040\000t\000o\000\040\000A\000u\000t\000o\000p\000o\000i\000e\000s\000i\000s\000\040\000a\000n\000d\000\040\000E\000m\000b\000o\000d\000i\000e\000d\000\040\000S\000y\000s\000t\000e\000m\000s}{}% 111
\BOOKMARK [2][-]{subsection.21.1}{\376\377\000P\000r\000o\000d\000u\000c\000t\000i\000o\000n\000\040\000a\000n\000d\000\040\000P\000r\000o\000j\000e\000c\000t\000i\000o\000n}{section.21}% 112
\BOOKMARK [2][-]{subsection.21.2}{\376\377\000I\000n\000t\000e\000r\000p\000r\000e\000t\000a\000t\000i\000o\000n\000\040\000o\000f\000\040\000t\000h\000e\000\040\000S\000e\000l\000f\000\040\000a\000n\000d\000\040\000L\000i\000m\000i\000t\000s\000\040\000o\000f\000\040\000t\000h\000e\000\040\000F\000r\000a\000m\000e\000w\000o\000r\000k}{section.21}% 113
\BOOKMARK [1][-]{section.22}{\376\377\000D\000e\000r\000i\000v\000e\000d\000\040\000C\000o\000n\000s\000t\000r\000u\000c\000t\000i\000o\000n\000:\000\040\000T\000h\000e\000\040\000C\000o\000n\000s\000t\000r\000a\000i\000n\000t\000-\000C\000o\000u\000p\000l\000e\000d\000\040\000G\000e\000n\000e\000r\000a\000t\000i\000v\000e\000\040\000L\000o\000o\000p}{}% 114
\BOOKMARK [2][-]{subsection.22.1}{\376\377\000D\000e\000f\000i\000n\000i\000t\000i\000o\000n\000\040\000o\000f\000\040\000t\000h\000e\000\040\000C\000o\000u\000p\000l\000e\000d\000\040\000L\000o\000o\000p}{section.22}% 115
\BOOKMARK [2][-]{subsection.22.2}{\376\377\000N\000o\000n\000-\000D\000e\000c\000o\000m\000p\000o\000s\000a\000b\000i\000l\000i\000t\000y}{section.22}% 116
\BOOKMARK [2][-]{subsection.22.3}{\376\377\000D\000e\000r\000i\000v\000e\000d\000\040\000P\000r\000e\000d\000i\000c\000t\000i\000o\000n}{section.22}% 117
\BOOKMARK [1][-]{section.23}{\376\377\000I\000r\000r\000e\000v\000e\000r\000s\000i\000b\000l\000e\000\040\000H\000i\000s\000t\000o\000r\000y\000\040\000a\000s\000\040\000a\000\040\000B\000i\000n\000d\000i\000n\000g\000\040\000C\000o\000n\000s\000t\000r\000a\000i\000n\000t}{}% 118
\BOOKMARK [1][-]{section.24}{\376\377\000O\000n\000\040\000t\000h\000e\000\040\000N\000o\000n\000-\000E\000q\000u\000i\000v\000a\000l\000e\000n\000c\000e\000\040\000o\000f\000\040\000B\000i\000n\000d\000i\000n\000g\000\040\000a\000n\000d\000\040\000N\000o\000n\000-\000B\000i\000n\000d\000i\000n\000g\000\040\000D\000y\000n\000a\000m\000i\000c\000a\000l\000\040\000S\000y\000s\000t\000e\000m\000s}{}% 119
\BOOKMARK [2][-]{subsection.24.1}{\376\377\000D\000e\000f\000i\000n\000i\000t\000i\000o\000n\000s}{section.24}% 120
\BOOKMARK [2][-]{subsection.24.2}{\376\377\000N\000o\000n\000-\000S\000i\000m\000u\000l\000a\000b\000i\000l\000i\000t\000y\000\040\000T\000h\000e\000o\000r\000e\000m}{section.24}% 121
\BOOKMARK [1][-]{section.25}{\376\377\000S\000t\000r\000u\000c\000t\000u\000r\000a\000l\000\040\000N\000o\000n\000-\000E\000q\000u\000i\000v\000a\000l\000e\000n\000c\000e\000\040\000v\000i\000a\000\040\000E\000x\000t\000e\000n\000s\000i\000o\000n\000-\000M\000o\000n\000o\000t\000o\000n\000e\000\040\000C\000o\000n\000s\000i\000s\000t\000e\000n\000c\000y}{}% 122
\BOOKMARK [2][-]{subsection.25.1}{\376\377\000G\000l\000o\000b\000a\000l\000\040\000v\000s\000\040\000L\000o\000c\000a\000l\000\040\000C\000o\000n\000s\000t\000r\000a\000i\000n\000t\000\040\000E\000n\000f\000o\000r\000c\000e\000m\000e\000n\000t}{section.25}% 123
\BOOKMARK [1][-]{section.26}{\376\377\000T\000h\000e\000\040\000F\000i\000n\000i\000t\000e\000-\000T\000y\000p\000e\000\040\000B\000o\000u\000n\000d\000a\000r\000y\000\040\000a\000n\000d\000\040\000t\000h\000e\000\040\000S\000c\000o\000p\000e\000\040\000o\000f\000\040\000L\000o\000c\000a\000l\000\040\000C\000o\000n\000s\000t\000r\000a\000i\000n\000t\000\040\000E\000n\000f\000o\000r\000c\000e\000m\000e\000n\000t}{}% 124
\BOOKMARK [2][-]{subsection.26.1}{\376\377\000F\000o\000r\000m\000a\000l\000\040\000S\000e\000t\000u\000p}{section.26}% 125
\BOOKMARK [2][-]{subsection.26.2}{\376\377\000S\000u\000m\000m\000a\000r\000y\000\040\000R\000e\000d\000u\000c\000t\000i\000o\000n\000\040\000C\000r\000i\000t\000e\000r\000i\000o\000n}{section.26}% 126
\BOOKMARK [1][-]{section.27}{\376\377\000E\000x\000a\000m\000p\000l\000e\000s\000\040\000o\000f\000\040\000N\000o\000n\000-\000F\000i\000n\000i\000t\000e\000-\000T\000y\000p\000e\000\040\000A\000d\000m\000i\000s\000s\000i\000b\000i\000l\000i\000t\000y\000\040\000S\000t\000r\000u\000c\000t\000u\000r\000e\000s}{}% 127
\BOOKMARK [1][-]{section.28}{\376\377\000A\000p\000p\000r\000o\000x\000i\000m\000a\000t\000i\000o\000n\000\040\000b\000y\000\040\000F\000i\000n\000i\000t\000e\000\040\000S\000y\000s\000t\000e\000m\000s\000\040\000a\000n\000d\000\040\000t\000h\000e\000\040\000C\000o\000l\000l\000a\000p\000s\000e\000\040\000o\000f\000\040\000S\000t\000r\000u\000c\000t\000u\000r\000a\000l\000\040\000D\000i\000s\000t\000i\000n\000c\000t\000i\000o\000n\000s}{}% 128
\BOOKMARK [2][-]{subsection.28.1}{\376\377\000A\000p\000p\000r\000o\000x\000i\000m\000a\000t\000e\000\040\000A\000d\000m\000i\000s\000s\000i\000b\000i\000l\000i\000t\000y\000\040\000a\000n\000d\000\040\000U\000n\000i\000f\000o\000r\000m\000\040\000A\000p\000p\000r\000o\000x\000i\000m\000a\000t\000i\000o\000n}{section.28}% 129
\BOOKMARK [2][-]{subsection.28.2}{\376\377\000H\000o\000r\000i\000z\000o\000n\000\040\000F\000i\000d\000e\000l\000i\000t\000y\000\040\000a\000n\000d\000\040\000G\000r\000a\000c\000e\000f\000u\000l\000\040\000D\000e\000g\000r\000a\000d\000a\000t\000i\000o\000n}{section.28}% 130
\BOOKMARK [1][-]{section.29}{\376\377\000A\000\040\000C\000o\000n\000c\000r\000e\000t\000e\000\040\000C\000o\000n\000s\000t\000r\000u\000c\000t\000i\000o\000n\000:\000\040\000S\000p\000e\000c\000t\000r\000a\000l\000\040\000C\000o\000n\000s\000t\000r\000a\000i\000n\000t\000-\000C\000o\000u\000p\000l\000e\000d\000\040\000G\000e\000n\000e\000r\000a\000t\000i\000o\000n}{}% 131
\BOOKMARK [2][-]{subsection.29.1}{\376\377\000C\000o\000n\000s\000t\000r\000u\000c\000t\000i\000o\000n}{section.29}% 132
\BOOKMARK [2][-]{subsection.29.2}{\376\377\000G\000e\000n\000e\000r\000a\000t\000i\000v\000e\000\040\000D\000y\000n\000a\000m\000i\000c\000s\000\040\000a\000n\000d\000\040\000I\000r\000r\000e\000d\000u\000c\000i\000b\000i\000l\000i\000t\000y}{section.29}% 133
\BOOKMARK [1][-]{section.30}{\376\377\000D\000y\000n\000a\000m\000i\000c\000a\000l\000\040\000I\000n\000s\000t\000a\000b\000i\000l\000i\000t\000y\000\040\000U\000n\000d\000e\000r\000\040\000A\000p\000p\000r\000o\000x\000i\000m\000a\000t\000e\000\040\000A\000d\000m\000i\000s\000s\000i\000b\000i\000l\000i\000t\000y}{}% 134
\BOOKMARK [2][-]{subsection.30.1}{\376\377\000E\000r\000r\000o\000r\000\040\000P\000r\000o\000p\000a\000g\000a\000t\000i\000o\000n\000\040\000U\000n\000d\000e\000r\000\040\000B\000i\000n\000d\000i\000n\000g\000\040\000C\000o\000n\000s\000t\000r\000a\000i\000n\000t\000s}{section.30}% 135
\BOOKMARK [2][-]{subsection.30.2}{\376\377\000I\000n\000t\000e\000r\000p\000r\000e\000t\000a\000t\000i\000o\000n}{section.30}% 136
\BOOKMARK [1][-]{section.31}{\376\377\000C\000o\000n\000t\000i\000n\000u\000o\000u\000s\000-\000F\000i\000e\000l\000d\000\040\000R\000e\000a\000l\000i\000z\000a\000t\000i\000o\000n\000:\000\040\000N\000o\000n\000-\000F\000i\000n\000i\000t\000e\000-\000T\000y\000p\000e\000\040\000A\000d\000m\000i\000s\000s\000i\000b\000i\000l\000i\000t\000y\000\040\000i\000n\000\040\000R\000S\000V\000P\000\040\000D\000y\000n\000a\000m\000i\000c\000s}{}% 137
\BOOKMARK [2][-]{subsection.31.1}{\376\377\000R\000S\000V\000P\000\040\000F\000i\000e\000l\000d\000\040\000S\000t\000r\000u\000c\000t\000u\000r\000e\000\040\000a\000n\000d\000\040\000G\000l\000o\000b\000a\000l\000\040\000A\000d\000m\000i\000s\000s\000i\000b\000i\000l\000i\000t\000y}{section.31}% 138
\BOOKMARK [2][-]{subsection.31.2}{\376\377\000I\000n\000t\000e\000r\000p\000r\000e\000t\000a\000t\000i\000o\000n}{section.31}% 139
\BOOKMARK [1][-]{section.32}{\376\377\000C\000o\000m\000p\000a\000r\000a\000t\000i\000v\000e\000\040\000C\000o\000n\000s\000t\000r\000a\000i\000n\000t\000\040\000R\000e\000g\000i\000m\000e\000s\000:\000\040\000F\000i\000n\000i\000t\000e\000-\000T\000y\000p\000e\000\040\000P\000h\000y\000s\000i\000c\000a\000l\000\040\000L\000a\000w\000s\000\040\000a\000n\000d\000\040\000N\000o\000n\000-\000F\000i\000n\000i\000t\000e\000-\000T\000y\000p\000e\000\040\000R\000S\000V\000P\000\040\000D\000y\000n\000a\000m\000i\000c\000s}{}% 140
\BOOKMARK [2][-]{subsection.32.1}{\376\377\000F\000i\000n\000i\000t\000e\000-\000J\000e\000t\000\040\000P\000h\000y\000s\000i\000c\000a\000l\000\040\000L\000a\000w\000s}{section.32}% 141
\BOOKMARK [2][-]{subsection.32.2}{\376\377\000H\000i\000s\000t\000o\000r\000y\000-\000B\000i\000n\000d\000i\000n\000g\000\040\000C\000r\000i\000t\000e\000r\000i\000o\000n}{section.32}% 142
\BOOKMARK [2][-]{subsection.32.3}{\376\377\000I\000n\000t\000e\000r\000p\000r\000e\000t\000a\000t\000i\000o\000n}{section.32}% 143
\BOOKMARK [1][-]{section.33}{\376\377\000M\000i\000n\000i\000m\000a\000l\000i\000t\000y\000\040\000o\000f\000\040\000t\000h\000e\000\040\000C\000o\000m\000p\000i\000l\000e\000d\000\040\000S\000e\000l\000f}{}% 144
\BOOKMARK [1][-]{section.34}{\376\377\000R\000e\000p\000r\000e\000s\000e\000n\000t\000a\000t\000i\000o\000n\000\040\000T\000h\000e\000o\000r\000e\000m\000\040\000f\000o\000r\000\040\000B\000i\000n\000d\000i\000n\000g\000\040\000S\000y\000s\000t\000e\000m\000s}{}% 145
\BOOKMARK [2][-]{subsection.34.1}{\376\377\000S\000t\000a\000t\000e\000m\000e\000n\000t\000\040\000a\000n\000d\000\040\000P\000r\000o\000o\000f}{section.34}% 146
\BOOKMARK [2][-]{subsection.34.2}{\376\377\000I\000n\000t\000e\000r\000p\000r\000e\000t\000a\000t\000i\000o\000n}{section.34}% 147
\BOOKMARK [1][-]{section.35}{\376\377\000T\000o\000p\000o\000s\000-\000T\000h\000e\000o\000r\000e\000t\000i\000c\000\040\000U\000n\000i\000f\000i\000c\000a\000t\000i\000o\000n\000\040\000o\000f\000\040\000C\000o\000n\000s\000t\000r\000a\000i\000n\000t\000,\000\040\000S\000p\000e\000c\000t\000r\000a\000l\000\040\000S\000t\000r\000u\000c\000t\000u\000r\000e\000,\000\040\000a\000n\000d\000\040\000N\000a\000r\000r\000a\000t\000i\000v\000e\000\040\000T\000y\000p\000e\000s}{}% 148
\BOOKMARK [2][-]{subsection.35.1}{\376\377\000T\000h\000e\000\040\000B\000a\000s\000e\000\040\000C\000a\000t\000e\000g\000o\000r\000y\000\040\000o\000f\000\040\000H\000i\000s\000t\000o\000r\000i\000e\000s}{section.35}% 149
\BOOKMARK [2][-]{subsection.35.2}{\376\377\000N\000a\000r\000r\000a\000t\000i\000v\000e\000\040\000T\000y\000p\000e\000s\000\040\000a\000s\000\040\000a\000\040\000P\000r\000e\000s\000h\000e\000a\000f}{section.35}% 150
\BOOKMARK [2][-]{subsection.35.3}{\376\377\000S\000p\000e\000c\000t\000r\000a\000l\000\040\000S\000t\000r\000u\000c\000t\000u\000r\000e\000\040\000a\000s\000\040\000a\000\040\000S\000h\000e\000a\000f\000\040\000o\000f\000\040\000H\000i\000l\000b\000e\000r\000t\000\040\000S\000p\000a\000c\000e\000s}{section.35}% 151
\BOOKMARK [2][-]{subsection.35.4}{\376\377\000T\000h\000e\000\040\000B\000r\000i\000d\000g\000e\000:\000\040\000A\000\040\000N\000a\000t\000u\000r\000a\000l\000\040\000T\000r\000a\000n\000s\000f\000o\000r\000m\000a\000t\000i\000o\000n}{section.35}% 152
\BOOKMARK [2][-]{subsection.35.5}{\376\377\000P\000r\000o\000m\000p\000t\000i\000n\000g\000\040\000a\000s\000\040\000a\000n\000\040\000A\000d\000j\000u\000n\000c\000t\000i\000o\000n}{section.35}% 153
\BOOKMARK [2][-]{subsection.35.6}{\376\377\000P\000o\000l\000i\000c\000y\000\040\000a\000s\000\040\000a\000n\000\040\000E\000n\000d\000o\000f\000u\000n\000c\000t\000o\000r}{section.35}% 154
\BOOKMARK [2][-]{subsection.35.7}{\376\377\000C\000r\000o\000s\000s\000-\000D\000o\000m\000a\000i\000n\000\040\000O\000p\000e\000r\000a\000t\000o\000r\000s\000\040\000a\000s\000\040\000N\000a\000t\000u\000r\000a\000l\000\040\000T\000r\000a\000n\000s\000f\000o\000r\000m\000a\000t\000i\000o\000n\000s}{section.35}% 155
\BOOKMARK [2][-]{subsection.35.8}{\376\377\000S\000p\000e\000c\000t\000r\000a\000l\000\040\000G\000a\000p\000\040\000a\000s\000\040\000a\000n\000\040\000O\000p\000e\000r\000a\000t\000o\000r\000\040\000C\000o\000n\000d\000i\000t\000i\000o\000n}{section.35}% 156
\BOOKMARK [2][-]{subsection.35.9}{\376\377\000N\000o\000n\000-\000F\000i\000n\000i\000t\000e\000-\000T\000y\000p\000e\000\040\000S\000t\000r\000u\000c\000t\000u\000r\000e\000\040\000a\000s\000\040\000N\000o\000n\000-\000R\000e\000p\000r\000e\000s\000e\000n\000t\000a\000b\000i\000l\000i\000t\000y}{section.35}% 157
\BOOKMARK [1][-]{section.36}{\376\377\000T\000h\000e\000\040\000S\000t\000r\000u\000c\000t\000u\000r\000a\000l\000\040\000T\000h\000e\000o\000r\000e\000m\000\040\000o\000f\000\040\000t\000h\000e\000\040\000C\000o\000m\000p\000i\000l\000e\000d\000\040\000S\000e\000l\000f}{}% 158
\BOOKMARK [2][-]{subsection.36.1}{\376\377\000S\000t\000a\000t\000e\000m\000e\000n\000t\000\040\000o\000f\000\040\000t\000h\000e\000\040\000T\000h\000e\000o\000r\000e\000m}{section.36}% 159
\BOOKMARK [2][-]{subsection.36.2}{\376\377\000P\000r\000o\000o\000f}{section.36}% 160
\BOOKMARK [2][-]{subsection.36.3}{\376\377\000C\000o\000r\000o\000l\000l\000a\000r\000i\000e\000s}{section.36}% 161
\BOOKMARK [2][-]{subsection.36.4}{\376\377\000I\000n\000t\000e\000r\000p\000r\000e\000t\000a\000t\000i\000o\000n}{section.36}% 162
