\BOOKMARK [1][-]{section.1}{\376\377\000I\000n\000t\000r\000o\000d\000u\000c\000t\000i\000o\000n\000:\000\040\000F\000r\000o\000m\000\040\000O\000b\000j\000e\000c\000t\000s\000\040\000t\000o\000\040\000P\000r\000o\000c\000e\000s\000s\000e\000s}{}% 1
\BOOKMARK [1][-]{section.2}{\376\377\000T\000h\000e\000\040\000H\000a\000r\000d\000\040\000P\000r\000o\000b\000l\000e\000m\000\040\000a\000n\000d\000\040\000t\000h\000e\000\040\000P\000r\000i\000m\000a\000c\000y\000\040\000o\000f\000\040\000T\000i\000m\000e}{}% 2
\BOOKMARK [1][-]{section.3}{\376\377\000F\000i\000r\000s\000t\000-\000P\000e\000r\000s\000o\000n\000\040\000a\000n\000d\000\040\000T\000h\000i\000r\000d\000-\000P\000e\000r\000s\000o\000n\000\040\000S\000t\000r\000u\000c\000t\000u\000r\000e}{}% 3
\BOOKMARK [1][-]{section.4}{\376\377\000C\000h\000o\000i\000c\000e\000,\000\040\000C\000h\000a\000n\000g\000e\000,\000\040\000a\000n\000d\000\040\000C\000a\000u\000s\000a\000l\000i\000t\000y}{}% 4
\BOOKMARK [1][-]{section.5}{\376\377\000F\000i\000e\000l\000d\000\040\000D\000y\000n\000a\000m\000i\000c\000s\000:\000\040\000T\000h\000e\000\040\000R\000S\000V\000P\000\040\000S\000u\000b\000s\000t\000r\000a\000t\000e}{}% 5
\BOOKMARK [1][-]{section.6}{\376\377\000E\000v\000e\000n\000t\000\040\000D\000y\000n\000a\000m\000i\000c\000s\000:\000\040\000I\000r\000r\000e\000v\000e\000r\000s\000i\000b\000i\000l\000i\000t\000y\000\040\000a\000n\000d\000\040\000H\000i\000s\000t\000o\000r\000y}{}% 6
\BOOKMARK [1][-]{section.7}{\376\377\000T\000h\000e\000\040\000S\000e\000l\000f\000\040\000a\000s\000\040\000H\000i\000s\000t\000o\000r\000y\000\040\000a\000n\000d\000\040\000H\000o\000r\000i\000z\000o\000n}{}% 7
\BOOKMARK [1][-]{section.8}{\376\377\000P\000r\000e\000f\000e\000r\000e\000n\000c\000e\000\040\000F\000i\000e\000l\000d\000s\000\040\000a\000n\000d\000\040\000t\000h\000e\000\040\000E\000n\000d\000o\000g\000e\000n\000o\000u\000s\000\040\000E\000v\000o\000l\000u\000t\000i\000o\000n\000\040\000o\000f\000\040\000P\000o\000s\000s\000i\000b\000i\000l\000i\000t\000y}{}% 8
\BOOKMARK [1][-]{section.9}{\376\377\000M\000o\000n\000e\000y\000\040\000a\000s\000\040\000P\000r\000o\000j\000e\000c\000t\000i\000o\000n\000\040\000a\000n\000d\000\040\000t\000h\000e\000\040\000E\000x\000t\000e\000r\000n\000a\000l\000i\000z\000a\000t\000i\000o\000n\000\040\000o\000f\000\040\000P\000o\000s\000s\000i\000b\000i\000l\000i\000t\000y}{}% 9
\BOOKMARK [1][-]{section.10}{\376\377\000P\000o\000w\000e\000r\000\040\000a\000s\000\040\000G\000e\000o\000m\000e\000t\000r\000y\000\040\000o\000f\000\040\000C\000o\000n\000s\000t\000r\000a\000i\000n\000t\000\040\000a\000n\000d\000\040\000T\000r\000a\000n\000s\000f\000o\000r\000m\000a\000t\000i\000o\000n}{}% 10
\BOOKMARK [1][-]{section.11}{\376\377\000E\000x\000t\000r\000a\000c\000t\000i\000o\000n\000,\000\040\000C\000o\000m\000p\000r\000e\000s\000s\000i\000o\000n\000,\000\040\000a\000n\000d\000\040\000t\000h\000e\000\040\000D\000i\000v\000e\000r\000g\000e\000n\000c\000e\000\040\000o\000f\000\040\000V\000a\000l\000u\000e\000\040\000a\000n\000d\000\040\000C\000a\000r\000e}{}% 11
\BOOKMARK [1][-]{section.12}{\376\377\000T\000o\000w\000a\000r\000d\000\040\000C\000a\000r\000e\000-\000A\000l\000i\000g\000n\000e\000d\000\040\000S\000y\000s\000t\000e\000m\000s}{}% 12
\BOOKMARK [1][-]{section.13}{\376\377\000T\000h\000e\000\040\000H\000a\000r\000d\000\040\000P\000r\000o\000b\000l\000e\000m\000\040\000R\000e\000v\000i\000s\000i\000t\000e\000d\000:\000\040\000D\000u\000a\000l\000\040\000A\000s\000p\000e\000c\000t\000\040\000o\000f\000\040\000I\000n\000d\000e\000t\000e\000r\000m\000i\000n\000a\000c\000y}{}% 13
\BOOKMARK [1][-]{section.14}{\376\377\000C\000o\000n\000c\000l\000u\000s\000i\000o\000n\000:\000\040\000R\000e\000a\000l\000i\000t\000y\000\040\000a\000s\000\040\000I\000r\000r\000e\000v\000e\000r\000s\000i\000b\000l\000e\000\040\000B\000e\000c\000o\000m\000i\000n\000g}{}% 14
\BOOKMARK [1][-]{appendix.A}{\376\377\000C\000a\000t\000e\000g\000o\000r\000y\000-\000T\000h\000e\000o\000r\000e\000t\000i\000c\000\040\000F\000o\000r\000m\000a\000l\000i\000z\000a\000t\000i\000o\000n\000\040\000o\000f\000\040\000P\000o\000s\000s\000i\000b\000i\000l\000i\000t\000y\000\040\000a\000n\000d\000\040\000H\000i\000s\000t\000o\000r\000y}{}% 15
\BOOKMARK [1][-]{appendix.B}{\376\377\000F\000i\000b\000e\000r\000e\000d\000\040\000S\000t\000r\000u\000c\000t\000u\000r\000e\000\040\000o\000f\000\040\000A\000g\000e\000n\000t\000-\000R\000e\000l\000a\000t\000i\000v\000e\000\040\000P\000o\000s\000s\000i\000b\000i\000l\000i\000t\000y}{}% 16
\BOOKMARK [1][-]{appendix.C}{\376\377\000V\000a\000l\000u\000a\000t\000i\000o\000n\000\040\000a\000s\000\040\000F\000u\000n\000c\000t\000o\000r\000i\000a\000l\000\040\000P\000r\000o\000j\000e\000c\000t\000i\000o\000n}{}% 17
\BOOKMARK [1][-]{appendix.D}{\376\377\000P\000o\000w\000e\000r\000\040\000a\000s\000\040\000N\000a\000t\000u\000r\000a\000l\000\040\000T\000r\000a\000n\000s\000f\000o\000r\000m\000a\000t\000i\000o\000n}{}% 18
\BOOKMARK [1][-]{appendix.E}{\376\377\000G\000e\000n\000e\000r\000a\000t\000i\000v\000e\000\040\000D\000y\000n\000a\000m\000i\000c\000s\000\040\000a\000s\000\040\000E\000n\000d\000o\000f\000u\000n\000c\000t\000o\000r}{}% 19
\BOOKMARK [1][-]{appendix.F}{\376\377\000R\000S\000V\000P\000\040\000E\000m\000b\000e\000d\000d\000i\000n\000g}{}% 20
\BOOKMARK [1][-]{appendix.G}{\376\377\000S\000h\000e\000a\000f\000-\000T\000h\000e\000o\000r\000e\000t\000i\000c\000\040\000S\000t\000r\000u\000c\000t\000u\000r\000e\000\040\000o\000f\000\040\000L\000o\000c\000a\000l\000\040\000K\000n\000o\000w\000l\000e\000d\000g\000e}{}% 21
\BOOKMARK [1][-]{appendix.H}{\376\377\000D\000u\000a\000l\000\040\000A\000s\000p\000e\000c\000t\000\040\000F\000o\000r\000m\000a\000l\000i\000z\000a\000t\000i\000o\000n}{}% 22
\BOOKMARK [1][-]{appendix.I}{\376\377\000E\000n\000t\000r\000o\000p\000y\000\040\000a\000n\000d\000\040\000S\000t\000r\000u\000c\000t\000u\000r\000a\000l\000\040\000R\000i\000c\000h\000n\000e\000s\000s}{}% 23
\BOOKMARK [1][-]{appendix.J}{\376\377\000T\000h\000e\000\040\000P\000r\000o\000c\000e\000s\000s\040\023\000P\000r\000o\000j\000e\000c\000t\000i\000o\000n\040\023\000P\000o\000w\000e\000r\000\040\000T\000h\000e\000o\000r\000e\000m}{}% 24
\BOOKMARK [2][-]{subsection.J.1}{\376\377\000S\000t\000a\000t\000e\000m\000e\000n\000t}{appendix.J}% 25
\BOOKMARK [2][-]{subsection.J.2}{\376\377\000P\000r\000o\000o\000f}{appendix.J}% 26
\BOOKMARK [2][-]{subsection.J.3}{\376\377\000C\000o\000r\000o\000l\000l\000a\000r\000i\000e\000s}{appendix.J}% 27
\BOOKMARK [2][-]{subsection.J.4}{\376\377\000P\000r\000o\000g\000r\000a\000m\000m\000a\000t\000i\000c\000\040\000C\000o\000n\000s\000e\000q\000u\000e\000n\000c\000e}{appendix.J}% 28
\BOOKMARK [1][-]{appendix.K}{\376\377\000A\000d\000j\000o\000i\000n\000t\000\040\000S\000t\000r\000u\000c\000t\000u\000r\000e\000\040\000o\000f\000\040\000C\000h\000o\000i\000c\000e\000\040\000a\000n\000d\000\040\000P\000r\000o\000b\000a\000b\000i\000l\000i\000t\000y}{}% 29
\BOOKMARK [1][-]{appendix.L}{\376\377\000H\000i\000g\000h\000e\000r\000-\000O\000r\000d\000e\000r\000\040\000P\000o\000w\000e\000r\000\040\000a\000s\000\040\0002\000-\000C\000a\000t\000e\000g\000o\000r\000i\000c\000a\000l\000\040\000S\000t\000r\000u\000c\000t\000u\000r\000e}{}% 30
\BOOKMARK [1][-]{appendix.M}{\376\377\000D\000e\000r\000i\000v\000e\000d\000\040\000R\000S\000V\000P\000\040\000E\000m\000b\000e\000d\000d\000i\000n\000g}{}% 31
\BOOKMARK [1][-]{appendix.N}{\376\377\000S\000h\000e\000a\000f\000\040\000C\000o\000h\000o\000m\000o\000l\000o\000g\000y\000\040\000a\000n\000d\000\040\000S\000t\000r\000u\000c\000t\000u\000r\000a\000l\000\040\000L\000o\000s\000s}{}% 32
\BOOKMARK [1][-]{appendix.O}{\376\377\000E\000n\000t\000r\000o\000p\000y\000\040\000a\000s\000\040\000D\000e\000r\000i\000v\000e\000d\000\040\000F\000u\000n\000c\000t\000o\000r}{}% 33
\BOOKMARK [1][-]{appendix.P}{\376\377\000T\000h\000e\000\040\000-\000C\000a\000t\000e\000g\000o\000r\000i\000c\000a\000l\000\040\000R\000e\000f\000i\000n\000e\000m\000e\000n\000t}{}% 34
\BOOKMARK [1][-]{appendix.Q}{\376\377\000S\000u\000m\000m\000a\000r\000y\000\040\000C\000o\000r\000r\000e\000s\000p\000o\000n\000d\000e\000n\000c\000e\000\040\000T\000a\000b\000l\000e}{}% 35
