\BOOKMARK [1][-]{section.1}{\376\377\000I\000n\000t\000r\000o\000d\000u\000c\000t\000i\000o\000n\000:\000\040\000F\000r\000o\000m\000\040\000O\000b\000j\000e\000c\000t\000s\000\040\000t\000o\000\040\000P\000r\000o\000c\000e\000s\000s\000e\000s}{}% 1
\BOOKMARK [1][-]{section.2}{\376\377\000T\000h\000e\000\040\000H\000a\000r\000d\000\040\000P\000r\000o\000b\000l\000e\000m\000\040\000a\000n\000d\000\040\000t\000h\000e\000\040\000P\000r\000i\000m\000a\000c\000y\000\040\000o\000f\000\040\000T\000i\000m\000e}{}% 2
\BOOKMARK [1][-]{section.3}{\376\377\000F\000i\000r\000s\000t\000-\000P\000e\000r\000s\000o\000n\000\040\000a\000n\000d\000\040\000T\000h\000i\000r\000d\000-\000P\000e\000r\000s\000o\000n\000\040\000S\000t\000r\000u\000c\000t\000u\000r\000e}{}% 3
\BOOKMARK [1][-]{section.4}{\376\377\000C\000h\000o\000i\000c\000e\000,\000\040\000C\000h\000a\000n\000g\000e\000,\000\040\000a\000n\000d\000\040\000C\000a\000u\000s\000a\000l\000i\000t\000y}{}% 4
\BOOKMARK [1][-]{section.5}{\376\377\000F\000i\000e\000l\000d\000\040\000D\000y\000n\000a\000m\000i\000c\000s\000:\000\040\000T\000h\000e\000\040\000R\000S\000V\000P\000\040\000S\000u\000b\000s\000t\000r\000a\000t\000e}{}% 5
\BOOKMARK [1][-]{section.6}{\376\377\000E\000v\000e\000n\000t\000\040\000D\000y\000n\000a\000m\000i\000c\000s\000:\000\040\000I\000r\000r\000e\000v\000e\000r\000s\000i\000b\000i\000l\000i\000t\000y\000\040\000a\000n\000d\000\040\000H\000i\000s\000t\000o\000r\000y}{}% 6
\BOOKMARK [1][-]{section.7}{\376\377\000T\000h\000e\000\040\000S\000e\000l\000f\000\040\000a\000s\000\040\000H\000i\000s\000t\000o\000r\000y\000\040\000a\000n\000d\000\040\000H\000o\000r\000i\000z\000o\000n}{}% 7
\BOOKMARK [1][-]{section.8}{\376\377\000P\000r\000e\000f\000e\000r\000e\000n\000c\000e\000\040\000F\000i\000e\000l\000d\000s\000\040\000a\000n\000d\000\040\000t\000h\000e\000\040\000E\000n\000d\000o\000g\000e\000n\000o\000u\000s\000\040\000E\000v\000o\000l\000u\000t\000i\000o\000n\000\040\000o\000f\000\040\000P\000o\000s\000s\000i\000b\000i\000l\000i\000t\000y}{}% 8
\BOOKMARK [1][-]{section.9}{\376\377\000M\000o\000n\000e\000y\000\040\000a\000s\000\040\000P\000r\000o\000j\000e\000c\000t\000i\000o\000n\000\040\000a\000n\000d\000\040\000t\000h\000e\000\040\000E\000x\000t\000e\000r\000n\000a\000l\000i\000z\000a\000t\000i\000o\000n\000\040\000o\000f\000\040\000P\000o\000s\000s\000i\000b\000i\000l\000i\000t\000y}{}% 9
\BOOKMARK [1][-]{section.10}{\376\377\000P\000o\000w\000e\000r\000\040\000a\000s\000\040\000G\000e\000o\000m\000e\000t\000r\000y\000\040\000o\000f\000\040\000C\000o\000n\000s\000t\000r\000a\000i\000n\000t\000\040\000a\000n\000d\000\040\000T\000r\000a\000n\000s\000f\000o\000r\000m\000a\000t\000i\000o\000n}{}% 10
\BOOKMARK [1][-]{section.11}{\376\377\000E\000x\000t\000r\000a\000c\000t\000i\000o\000n\000,\000\040\000C\000o\000m\000p\000r\000e\000s\000s\000i\000o\000n\000,\000\040\000a\000n\000d\000\040\000t\000h\000e\000\040\000D\000i\000v\000e\000r\000g\000e\000n\000c\000e\000\040\000o\000f\000\040\000V\000a\000l\000u\000e\000\040\000a\000n\000d\000\040\000C\000a\000r\000e}{}% 11
\BOOKMARK [1][-]{section.12}{\376\377\000T\000o\000w\000a\000r\000d\000\040\000C\000a\000r\000e\000-\000A\000l\000i\000g\000n\000e\000d\000\040\000S\000y\000s\000t\000e\000m\000s}{}% 12
\BOOKMARK [1][-]{section.13}{\376\377\000T\000h\000e\000\040\000H\000a\000r\000d\000\040\000P\000r\000o\000b\000l\000e\000m\000\040\000R\000e\000v\000i\000s\000i\000t\000e\000d\000:\000\040\000D\000u\000a\000l\000\040\000A\000s\000p\000e\000c\000t\000\040\000o\000f\000\040\000I\000n\000d\000e\000t\000e\000r\000m\000i\000n\000a\000c\000y}{}% 13
\BOOKMARK [1][-]{section.14}{\376\377\000T\000h\000e\000\040\000K\000i\000n\000e\000t\000i\000c\000-\000E\000v\000e\000n\000t\000\040\000S\000y\000n\000t\000h\000e\000s\000i\000s}{}% 14
\BOOKMARK [2][-]{subsection.14.1}{\376\377\000W\000o\000r\000k\000-\000P\000o\000t\000e\000n\000t\000i\000a\000l\000\040\000a\000n\000d\000\040\000t\000h\000e\000\040\000G\000e\000o\000m\000e\000t\000r\000y\000\040\000o\000f\000\040\000P\000o\000s\000s\000i\000b\000i\000l\000i\000t\000y}{section.14}% 15
\BOOKMARK [2][-]{subsection.14.2}{\376\377\000I\000n\000s\000t\000i\000t\000u\000t\000i\000o\000n\000a\000l\000\040\000C\000o\000n\000s\000t\000r\000a\000i\000n\000t\000\040\000F\000i\000e\000l\000d\000s}{section.14}% 16
\BOOKMARK [2][-]{subsection.14.3}{\376\377\000T\000h\000e\000\040\000G\000o\000o\000d\000h\000a\000r\000t\000\040\000D\000i\000v\000e\000r\000g\000e\000n\000c\000e\000\040\000a\000n\000d\000\040\000C\000a\000r\000e}{section.14}% 17
\BOOKMARK [1][-]{section.15}{\376\377\000H\000a\000r\000d\000\040\000R\000a\000n\000d\000o\000m\000n\000e\000s\000s\000\040\000a\000n\000d\000\040\000t\000h\000e\000\040\000I\000n\000t\000e\000r\000n\000a\000l\000\040\000M\000e\000a\000s\000u\000r\000e}{}% 18
\BOOKMARK [1][-]{section.16}{\376\377\000T\000h\000e\000\040\000S\000y\000m\000m\000e\000t\000r\000y\000\040\000o\000f\000\040\000I\000n\000d\000e\000t\000e\000r\000m\000i\000n\000a\000c\000y\000:\000\040\000C\000h\000o\000i\000c\000e\000\040\000a\000n\000d\000\040\000R\000a\000n\000d\000o\000m\000n\000e\000s\000s}{}% 19
\BOOKMARK [1][-]{section.17}{\376\377\000H\000i\000s\000t\000o\000r\000i\000c\000a\000l\000\040\000E\000n\000t\000r\000o\000p\000y\000\040\000a\000n\000d\000\040\000t\000h\000e\000\040\000A\000r\000r\000o\000w\000\040\000o\000f\000\040\000T\000i\000m\000e}{}% 20
\BOOKMARK [1][-]{section.18}{\376\377\000T\000h\000e\000\040\000L\000o\000g\000\040\000S\000o\000v\000e\000r\000e\000i\000g\000n\000t\000y\000\040\000P\000r\000o\000t\000o\000c\000o\000l\000:\000\040\000I\000m\000p\000l\000e\000m\000e\000n\000t\000i\000n\000g\000\040\000H\000t}{}% 21
\BOOKMARK [1][-]{section.19}{\376\377\000T\000h\000e\000\040\000S\000p\000h\000e\000r\000e\000p\000o\000p\000\040\000G\000r\000a\000m\000m\000a\000r\000:\000\040\000F\000o\000r\000m\000a\000l\000i\000z\000i\000n\000g\000\040\000G}{}% 22
\BOOKMARK [1][-]{section.20}{\376\377\000T\000h\000e\000\040\000E\000c\000o\000n\000o\000m\000i\000c\000\040\000E\000n\000e\000r\000g\000y\000\040\000C\000r\000i\000t\000i\000q\000u\000e\000:\000\040\000E\000n\000s\000h\000i\000t\000t\000i\000f\000i\000c\000a\000t\000i\000o\000n\000\040\000a\000s\000\040\000E\000x\000t\000r\000a\000c\000t\000i\000v\000e\000\040\000D\000i\000v\000e\000r\000g\000e\000n\000c\000e}{}% 23
\BOOKMARK [1][-]{section.21}{\376\377\000C\000o\000n\000c\000l\000u\000s\000i\000o\000n\000:\000\040\000R\000e\000a\000l\000i\000t\000y\000\040\000a\000s\000\040\000I\000r\000r\000e\000v\000e\000r\000s\000i\000b\000l\000e\000\040\000B\000e\000c\000o\000m\000i\000n\000g}{}% 24
\BOOKMARK [1][-]{appendix.A}{\376\377\000T\000h\000e\000\040\000S\000p\000h\000e\000r\000e\000p\000o\000p\000\040\000L\000a\000n\000g\000u\000a\000g\000e\000:\000\040\000O\000p\000e\000r\000a\000t\000i\000o\000n\000a\000l\000\040\000S\000e\000m\000a\000n\000t\000i\000c\000s}{}% 25
\BOOKMARK [2][-]{subsection.A.1}{\376\377\000S\000t\000a\000t\000e\000\040\000a\000n\000d\000\040\000E\000v\000a\000l\000u\000a\000t\000i\000o\000n}{appendix.A}% 26
\BOOKMARK [2][-]{subsection.A.2}{\376\377\000S\000c\000o\000p\000e\000\040\000G\000e\000o\000m\000e\000t\000r\000y}{appendix.A}% 27
\BOOKMARK [2][-]{subsection.A.3}{\376\377\000M\000e\000r\000g\000e\000\040\000O\000p\000e\000r\000a\000t\000o\000r}{appendix.A}% 28
\BOOKMARK [2][-]{subsection.A.4}{\376\377\000C\000o\000l\000l\000a\000p\000s\000e\000\040\000O\000p\000e\000r\000a\000t\000o\000r}{appendix.A}% 29
\BOOKMARK [2][-]{subsection.A.5}{\376\377\000A\000p\000p\000e\000n\000d\000\040\000K\000e\000r\000n\000e\000l}{appendix.A}% 30
\BOOKMARK [2][-]{subsection.A.6}{\376\377\000E\000v\000a\000l\000u\000a\000t\000i\000o\000n\000\040\000L\000o\000o\000p\000\040\000a\000n\000d\000\040\000U\000n\000i\000v\000e\000r\000s\000a\000l\000i\000t\000y}{appendix.A}% 31
\BOOKMARK [1][-]{appendix.B}{\376\377\000A\000\040\000D\000e\000p\000e\000n\000d\000e\000n\000t\000\040\000T\000y\000p\000e\000\040\000S\000y\000s\000t\000e\000m\000\040\000f\000o\000r\000\040\000S\000p\000h\000e\000r\000e\000p\000o\000p}{}% 32
\BOOKMARK [2][-]{subsection.B.1}{\376\377\000J\000u\000d\000g\000m\000e\000n\000t\000s\000\040\000a\000n\000d\000\040\000C\000o\000r\000e\000\040\000T\000y\000p\000e\000s}{appendix.B}% 33
\BOOKMARK [2][-]{subsection.B.2}{\376\377\000T\000y\000p\000i\000n\000g\000\040\000o\000f\000\040\000M\000e\000r\000g\000e}{appendix.B}% 34
\BOOKMARK [2][-]{subsection.B.3}{\376\377\000T\000y\000p\000i\000n\000g\000\040\000o\000f\000\040\000C\000o\000l\000l\000a\000p\000s\000e}{appendix.B}% 35
\BOOKMARK [2][-]{subsection.B.4}{\376\377\000T\000y\000p\000i\000n\000g\000\040\000o\000f\000\040\000A\000p\000p\000e\000n\000d}{appendix.B}% 36
\BOOKMARK [2][-]{subsection.B.5}{\376\377\000L\000o\000g\000\040\000S\000o\000v\000e\000r\000e\000i\000g\000n\000t\000y\000\040\000i\000n\000\040\000t\000h\000e\000\040\000T\000y\000p\000e\000\040\000T\000h\000e\000o\000r\000y}{appendix.B}% 37
\BOOKMARK [2][-]{subsection.B.6}{\376\377\000P\000r\000e\000s\000e\000r\000v\000a\000t\000i\000o\000n\000\040\000a\000n\000d\000\040\000P\000r\000o\000g\000r\000e\000s\000s}{appendix.B}% 38
\BOOKMARK [2][-]{subsection.B.7}{\376\377\000I\000d\000e\000n\000t\000i\000t\000y\000\040\000a\000n\000d\000\040\000E\000q\000u\000a\000l\000i\000t\000y}{appendix.B}% 39
\BOOKMARK [1][-]{appendix.C}{\376\377\000C\000a\000t\000e\000g\000o\000r\000i\000c\000a\000l\000\040\000S\000e\000m\000a\000n\000t\000i\000c\000s\000\040\000o\000f\000\040\000S\000p\000h\000e\000r\000e\000p\000o\000p}{}% 40
\BOOKMARK [2][-]{subsection.C.1}{\376\377\000B\000a\000s\000e\000\040\000C\000a\000t\000e\000g\000o\000r\000y\000\040\000o\000f\000\040\000H\000i\000s\000t\000o\000r\000i\000e\000s}{appendix.C}% 41
\BOOKMARK [2][-]{subsection.C.2}{\376\377\000F\000i\000b\000e\000r\000e\000d\000\040\000C\000a\000t\000e\000g\000o\000r\000y\000\040\000o\000f\000\040\000S\000c\000o\000p\000e\000s}{appendix.C}% 42
\BOOKMARK [2][-]{subsection.C.3}{\376\377\000A\000p\000p\000e\000n\000d\000\040\000a\000n\000d\000\040\000C\000o\000l\000l\000a\000p\000s\000e\000\040\000a\000s\000\040\000F\000u\000n\000c\000t\000o\000r\000s}{appendix.C}% 43
\BOOKMARK [2][-]{subsection.C.4}{\376\377\000L\000o\000g\000\040\000S\000o\000v\000e\000r\000e\000i\000g\000n\000t\000y\000\040\000a\000s\000\040\000S\000e\000m\000a\000n\000t\000i\000c\000\040\000C\000o\000m\000m\000u\000t\000a\000t\000i\000v\000i\000t\000y}{appendix.C}% 44
\BOOKMARK [2][-]{subsection.C.5}{\376\377\000K\000E\000S\000\040\000C\000o\000r\000r\000e\000s\000p\000o\000n\000d\000e\000n\000c\000e}{appendix.C}% 45
\BOOKMARK [1][-]{appendix.D}{\376\377\000T\000y\000p\000e\000d\000\040\000F\000i\000x\000e\000d\000\040\000P\000o\000i\000n\000t\000s\000\040\000a\000n\000d\000\040\000C\000a\000u\000s\000a\000l\000\040\000S\000e\000l\000f\000-\000R\000e\000f\000e\000r\000e\000n\000c\000e}{}% 46
\BOOKMARK [2][-]{subsection.D.1}{\376\377\000C\000a\000u\000s\000a\000l\000\040\000F\000i\000x\000e\000d\000\040\000P\000o\000i\000n\000t\000s}{appendix.D}% 47
\BOOKMARK [2][-]{subsection.D.2}{\376\377\000R\000e\000c\000u\000r\000s\000i\000o\000n\000\040\000O\000p\000e\000r\000a\000t\000o\000r\000\040\000a\000n\000d\000\040\000G\000u\000a\000r\000d\000e\000d\000n\000e\000s\000s}{appendix.D}% 48
\BOOKMARK [2][-]{subsection.D.3}{\376\377\000N\000o\000\040\000G\000l\000o\000b\000a\000l\000\040\000F\000i\000x\000e\000d\000\040\000P\000o\000i\000n\000t\000s}{appendix.D}% 49
\BOOKMARK [2][-]{subsection.D.4}{\376\377\000T\000r\000a\000c\000e\000\040\000F\000i\000x\000e\000d\000\040\000P\000o\000i\000n\000t\000s\000\040\000a\000n\000d\000\040\000I\000d\000e\000n\000t\000i\000t\000y}{appendix.D}% 50
\BOOKMARK [2][-]{subsection.D.5}{\376\377\000C\000a\000t\000e\000g\000o\000r\000i\000c\000a\000l\000\040\000I\000n\000t\000e\000r\000p\000r\000e\000t\000a\000t\000i\000o\000n}{appendix.D}% 51
\BOOKMARK [1][-]{appendix.E}{\376\377\000G\000e\000o\000m\000e\000t\000r\000y\000\040\000o\000f\000\040\000C\000a\000u\000s\000a\000l\000\040\000F\000i\000x\000e\000d\000\040\000P\000o\000i\000n\000t\000\040\000T\000r\000a\000j\000e\000c\000t\000o\000r\000i\000e\000s}{}% 52
\BOOKMARK [2][-]{subsection.E.1}{\376\377\000T\000r\000a\000j\000e\000c\000t\000o\000r\000y\000\040\000S\000p\000a\000c\000e\000\040\000a\000n\000d\000\040\000D\000i\000v\000e\000r\000g\000e\000n\000c\000e}{appendix.E}% 53
\BOOKMARK [2][-]{subsection.E.2}{\376\377\000C\000a\000u\000s\000a\000l\000\040\000F\000i\000s\000h\000e\000r\000\040\000M\000e\000t\000r\000i\000c}{appendix.E}% 54
\BOOKMARK [2][-]{subsection.E.3}{\376\377\000P\000r\000o\000j\000e\000c\000t\000i\000o\000n\000\040\000E\000q\000u\000i\000v\000a\000l\000e\000n\000c\000e\000\040\000a\000n\000d\000\040\000H\000i\000s\000t\000o\000r\000i\000c\000a\000l\000\040\000S\000e\000p\000a\000r\000a\000t\000i\000o\000n}{appendix.E}% 55
\BOOKMARK [1][-]{appendix.F}{\376\377\000S\000t\000a\000b\000i\000l\000i\000t\000y\000\040\000o\000f\000\040\000C\000a\000u\000s\000a\000l\000\040\000F\000i\000x\000e\000d\000\040\000P\000o\000i\000n\000t\000s}{}% 56
\BOOKMARK [2][-]{subsection.F.1}{\376\377\000L\000o\000c\000a\000l\000\040\000C\000a\000u\000s\000a\000l\000\040\000S\000t\000a\000b\000i\000l\000i\000t\000y}{appendix.F}% 57
\BOOKMARK [2][-]{subsection.F.2}{\376\377\000C\000a\000u\000s\000a\000l\000\040\000L\000y\000a\000p\000u\000n\000o\000v\000\040\000F\000u\000n\000c\000t\000i\000o\000n\000a\000l\000s}{appendix.F}% 58
\BOOKMARK [1][-]{appendix.G}{\376\377\000L\000e\000a\000r\000n\000i\000n\000g\000\040\000R\000u\000l\000e\000s\000\040\000f\000o\000r\000\040\000t\000h\000e\000\040\000P\000r\000e\000f\000e\000r\000e\000n\000c\000e\000\040\000F\000i\000e\000l\000d\000\040\000t}{}% 59
\BOOKMARK [2][-]{subsection.G.1}{\376\377\000T\000r\000a\000j\000e\000c\000t\000o\000r\000y\000\040\000M\000i\000s\000m\000a\000t\000c\000h\000\040\000a\000n\000d\000\040\000N\000a\000t\000u\000r\000a\000l\000\040\000G\000r\000a\000d\000i\000e\000n\000t}{appendix.G}% 60
\BOOKMARK [2][-]{subsection.G.2}{\376\377\000O\000n\000l\000i\000n\000e\000\040\000L\000e\000a\000r\000n\000i\000n\000g\000\040\000f\000r\000o\000m\000\040\000A\000p\000p\000e\000n\000d}{appendix.G}% 61
\BOOKMARK [1][-]{appendix.H}{\376\377\000A\000s\000y\000m\000p\000t\000o\000t\000i\000c\000\040\000S\000t\000a\000b\000i\000l\000i\000t\000y\000\040\000U\000n\000d\000e\000r\000\040\000G\000u\000a\000r\000d\000e\000d\000\040\000R\000e\000c\000u\000r\000s\000i\000o\000n\000\040\000a\000n\000d\000\040\000C\000a\000r\000e\000-\000W\000e\000i\000g\000h\000t\000e\000d\000\040\000L\000e\000a\000r\000n\000i\000n\000g}{}% 62
\BOOKMARK [2][-]{subsection.H.1}{\376\377\000S\000e\000t\000u\000p\000\040\000a\000n\000d\000\040\000C\000o\000n\000d\000i\000t\000i\000o\000n\000s}{appendix.H}% 63
\BOOKMARK [2][-]{subsection.H.2}{\376\377\000M\000a\000i\000n\000\040\000T\000h\000e\000o\000r\000e\000m}{appendix.H}% 64
\BOOKMARK [1][-]{appendix.I}{\376\377\000F\000i\000b\000e\000r\000e\000d\000\040\000S\000t\000r\000u\000c\000t\000u\000r\000e\000\040\000o\000f\000\040\000A\000g\000e\000n\000t\000-\000R\000e\000l\000a\000t\000i\000v\000e\000\040\000P\000o\000s\000s\000i\000b\000i\000l\000i\000t\000y}{}% 65
\BOOKMARK [1][-]{appendix.J}{\376\377\000V\000a\000l\000u\000a\000t\000i\000o\000n\000\040\000a\000s\000\040\000F\000u\000n\000c\000t\000o\000r\000i\000a\000l\000\040\000P\000r\000o\000j\000e\000c\000t\000i\000o\000n}{}% 66
\BOOKMARK [1][-]{appendix.K}{\376\377\000P\000o\000w\000e\000r\000\040\000a\000s\000\040\000N\000a\000t\000u\000r\000a\000l\000\040\000T\000r\000a\000n\000s\000f\000o\000r\000m\000a\000t\000i\000o\000n}{}% 67
\BOOKMARK [1][-]{appendix.L}{\376\377\000G\000e\000n\000e\000r\000a\000t\000i\000v\000e\000\040\000D\000y\000n\000a\000m\000i\000c\000s\000\040\000a\000s\000\040\000E\000n\000d\000o\000f\000u\000n\000c\000t\000o\000r}{}% 68
\BOOKMARK [1][-]{appendix.M}{\376\377\000R\000S\000V\000P\000\040\000E\000m\000b\000e\000d\000d\000i\000n\000g}{}% 69
\BOOKMARK [1][-]{appendix.N}{\376\377\000S\000h\000e\000a\000f\000-\000T\000h\000e\000o\000r\000e\000t\000i\000c\000\040\000S\000t\000r\000u\000c\000t\000u\000r\000e\000\040\000o\000f\000\040\000L\000o\000c\000a\000l\000\040\000K\000n\000o\000w\000l\000e\000d\000g\000e}{}% 70
\BOOKMARK [1][-]{appendix.O}{\376\377\000D\000u\000a\000l\000\040\000A\000s\000p\000e\000c\000t\000\040\000F\000o\000r\000m\000a\000l\000i\000z\000a\000t\000i\000o\000n}{}% 71
\BOOKMARK [1][-]{appendix.P}{\376\377\000E\000n\000t\000r\000o\000p\000y\000\040\000a\000n\000d\000\040\000S\000t\000r\000u\000c\000t\000u\000r\000a\000l\000\040\000R\000i\000c\000h\000n\000e\000s\000s}{}% 72
\BOOKMARK [1][-]{appendix.Q}{\376\377\000T\000h\000e\000\040\000P\000r\000o\000c\000e\000s\000s\040\023\000P\000r\000o\000j\000e\000c\000t\000i\000o\000n\040\023\000P\000o\000w\000e\000r\000\040\000T\000h\000e\000o\000r\000e\000m}{}% 73
\BOOKMARK [2][-]{subsection.Q.1}{\376\377\000S\000t\000a\000t\000e\000m\000e\000n\000t}{appendix.Q}% 74
\BOOKMARK [2][-]{subsection.Q.2}{\376\377\000P\000r\000o\000o\000f}{appendix.Q}% 75
\BOOKMARK [2][-]{subsection.Q.3}{\376\377\000C\000o\000r\000o\000l\000l\000a\000r\000i\000e\000s}{appendix.Q}% 76
\BOOKMARK [2][-]{subsection.Q.4}{\376\377\000P\000r\000o\000g\000r\000a\000m\000m\000a\000t\000i\000c\000\040\000C\000o\000n\000s\000e\000q\000u\000e\000n\000c\000e}{appendix.Q}% 77
\BOOKMARK [1][-]{appendix.R}{\376\377\000A\000d\000j\000o\000i\000n\000t\000\040\000S\000t\000r\000u\000c\000t\000u\000r\000e\000\040\000o\000f\000\040\000C\000h\000o\000i\000c\000e\000\040\000a\000n\000d\000\040\000P\000r\000o\000b\000a\000b\000i\000l\000i\000t\000y}{}% 78
\BOOKMARK [1][-]{appendix.S}{\376\377\000H\000i\000g\000h\000e\000r\000-\000O\000r\000d\000e\000r\000\040\000P\000o\000w\000e\000r\000\040\000a\000s\000\040\0002\000-\000C\000a\000t\000e\000g\000o\000r\000i\000c\000a\000l\000\040\000S\000t\000r\000u\000c\000t\000u\000r\000e}{}% 79
\BOOKMARK [1][-]{appendix.T}{\376\377\000D\000e\000r\000i\000v\000e\000d\000\040\000R\000S\000V\000P\000\040\000E\000m\000b\000e\000d\000d\000i\000n\000g}{}% 80
\BOOKMARK [1][-]{appendix.U}{\376\377\000S\000h\000e\000a\000f\000\040\000C\000o\000h\000o\000m\000o\000l\000o\000g\000y\000\040\000a\000n\000d\000\040\000S\000t\000r\000u\000c\000t\000u\000r\000a\000l\000\040\000L\000o\000s\000s}{}% 81
\BOOKMARK [1][-]{appendix.V}{\376\377\000E\000n\000t\000r\000o\000p\000y\000\040\000a\000s\000\040\000D\000e\000r\000i\000v\000e\000d\000\040\000F\000u\000n\000c\000t\000o\000r}{}% 82
\BOOKMARK [1][-]{appendix.W}{\376\377\000T\000h\000e\000\040\000-\000C\000a\000t\000e\000g\000o\000r\000i\000c\000a\000l\000\040\000R\000e\000f\000i\000n\000e\000m\000e\000n\000t}{}% 83
\BOOKMARK [1][-]{appendix.X}{\376\377\000S\000u\000m\000m\000a\000r\000y\000\040\000C\000o\000r\000r\000e\000s\000p\000o\000n\000d\000e\000n\000c\000e\000\040\000T\000a\000b\000l\000e}{}% 84
