\BOOKMARK [1][-]{section.1}{\376\377\000I\000n\000t\000r\000o\000d\000u\000c\000t\000i\000o\000n\000\040\000a\000n\000d\000\040\000M\000o\000t\000i\000v\000a\000t\000i\000o\000n}{}% 1
\BOOKMARK [1][-]{section.2}{\376\377\000C\000o\000r\000p\000u\000s\000\040\000G\000e\000n\000e\000r\000a\000t\000i\000o\000n}{}% 2
\BOOKMARK [2][-]{subsection.2.1}{\376\377\000O\000v\000e\000r\000v\000i\000e\000w}{section.2}% 3
\BOOKMARK [2][-]{subsection.2.2}{\376\377\000C\000o\000m\000f\000y\000U\000I\000\040\000W\000o\000r\000k\000f\000l\000o\000w}{section.2}% 4
\BOOKMARK [3][-]{subsubsection.2.2.1}{\376\377\000M\000o\000d\000e\000l\000\040\000a\000n\000d\000\040\000S\000a\000m\000p\000l\000e\000r\000\040\000P\000a\000r\000a\000m\000e\000t\000e\000r\000s}{subsection.2.2}% 5
\BOOKMARK [3][-]{subsubsection.2.2.2}{\376\377\000P\000o\000s\000i\000t\000i\000v\000e\000\040\000P\000r\000o\000m\000p\000t}{subsection.2.2}% 6
\BOOKMARK [3][-]{subsubsection.2.2.3}{\376\377\000N\000e\000g\000a\000t\000i\000v\000e\000\040\000P\000r\000o\000m\000p\000t}{subsection.2.2}% 7
\BOOKMARK [2][-]{subsection.2.3}{\376\377\000C\000o\000r\000p\000u\000s\000\040\000S\000t\000a\000t\000i\000s\000t\000i\000c\000s}{section.2}% 8
\BOOKMARK [1][-]{section.3}{\376\377\000C\000L\000I\000P\000\040\000E\000m\000b\000e\000d\000d\000i\000n\000g\000\040\000A\000r\000c\000h\000i\000t\000e\000c\000t\000u\000r\000e}{}% 9
\BOOKMARK [2][-]{subsection.3.1}{\376\377\000S\000i\000d\000e\000c\000a\000r\000\040\000M\000o\000d\000e\000l}{section.3}% 10
\BOOKMARK [2][-]{subsection.3.2}{\376\377\000R\000u\000n\000t\000i\000m\000e\000\040\000L\000o\000a\000d\000i\000n\000g}{section.3}% 11
\BOOKMARK [2][-]{subsection.3.3}{\376\377\000W\000h\000y\000\040\000C\000L\000I\000P\000\040\000C\000h\000a\000n\000g\000e\000s\000\040\000t\000h\000e\000\040\000S\000y\000s\000t\000e\000m}{section.3}% 12
\BOOKMARK [1][-]{section.4}{\376\377\000P\000r\000e\000f\000e\000r\000e\000n\000c\000e\000\040\000F\000i\000e\000l\000d\000\040\000D\000y\000n\000a\000m\000i\000c\000s}{}% 13
\BOOKMARK [2][-]{subsection.4.1}{\376\377\000T\000h\000e\000\040\000P\000r\000e\000f\000e\000r\000e\000n\000c\000e\000\040\000V\000e\000c\000t\000o\000r}{section.4}% 14
\BOOKMARK [2][-]{subsection.4.2}{\376\377\000I\000t\000e\000m\000\040\000S\000c\000o\000r\000i\000n\000g}{section.4}% 15
\BOOKMARK [2][-]{subsection.4.3}{\376\377\000T\000e\000m\000p\000e\000r\000a\000t\000u\000r\000e\000\040\000a\000n\000d\000\040\000S\000a\000m\000p\000l\000i\000n\000g}{section.4}% 16
\BOOKMARK [2][-]{subsection.4.4}{\376\377\000T\000w\000o\000-\000P\000o\000o\000l\000\040\000S\000a\000m\000p\000l\000i\000n\000g}{section.4}% 17
\BOOKMARK [2][-]{subsection.4.5}{\376\377\000F\000i\000e\000l\000d\000\040\000C\000o\000n\000c\000e\000p\000t\000\040\000R\000e\000a\000d\000o\000u\000t}{section.4}% 18
\BOOKMARK [1][-]{section.5}{\376\377\000B\000r\000e\000e\000d\000i\000n\000g\000\040\000L\000a\000y\000e\000r}{}% 19
\BOOKMARK [2][-]{subsection.5.1}{\376\377\000O\000v\000e\000r\000v\000i\000e\000w}{section.5}% 20
\BOOKMARK [2][-]{subsection.5.2}{\376\377\000M\000u\000t\000a\000t\000i\000o\000n\000\040\000O\000p\000e\000r\000a\000t\000o\000r\000s}{section.5}% 21
\BOOKMARK [3][-]{subsubsection.5.2.1}{\376\377\000S\000o\000f\000t\000\040\000C\000r\000o\000p}{subsection.5.2}% 22
\BOOKMARK [3][-]{subsubsection.5.2.2}{\376\377\000B\000l\000e\000n\000d}{subsection.5.2}% 23
\BOOKMARK [3][-]{subsubsection.5.2.3}{\376\377\000C\000o\000l\000o\000r\000\040\000S\000h\000i\000f\000t}{subsection.5.2}% 24
\BOOKMARK [2][-]{subsection.5.3}{\376\377\000M\000u\000t\000a\000t\000i\000o\000n\000\040\000P\000r\000o\000b\000a\000b\000i\000l\000i\000t\000y\000\040\000D\000r\000i\000f\000t}{section.5}% 25
\BOOKMARK [2][-]{subsection.5.4}{\376\377\000G\000e\000n\000e\000r\000a\000t\000i\000o\000n\000\040\000D\000e\000c\000a\000y}{section.5}% 26
\BOOKMARK [2][-]{subsection.5.5}{\376\377\000P\000o\000o\000l\000\040\000P\000r\000u\000n\000i\000n\000g}{section.5}% 27
\BOOKMARK [2][-]{subsection.5.6}{\376\377\000O\000f\000f\000s\000p\000r\000i\000n\000g\000\040\000T\000h\000u\000m\000b\000n\000a\000i\000l\000s\000\040\000a\000n\000d\000\040\000L\000i\000n\000e\000a\000g\000e\000\040\000G\000h\000o\000s\000t\000i\000n\000g}{section.5}% 28
\BOOKMARK [1][-]{section.6}{\376\377\000T\000e\000m\000p\000o\000r\000a\000l\000\040\000M\000e\000c\000h\000a\000n\000i\000c\000s}{}% 29
\BOOKMARK [2][-]{subsection.6.1}{\376\377\000T\000h\000e\000\040\000T\000h\000r\000e\000e\000\040\000C\000l\000o\000c\000k\000s}{section.6}% 30
\BOOKMARK [2][-]{subsection.6.2}{\376\377\000T\000h\000e\000\040\000F\000l\000o\000w\000\040\000F\000i\000e\000l\000d}{section.6}% 31
\BOOKMARK [2][-]{subsection.6.3}{\376\377\000I\000m\000a\000g\000e\000\040\000C\000r\000o\000s\000s\000f\000a\000d\000e}{section.6}% 32
\BOOKMARK [1][-]{section.7}{\376\377\000I\000n\000t\000e\000r\000f\000a\000c\000e\000\040\000a\000n\000d\000\040\000C\000o\000n\000t\000r\000o\000l\000s}{}% 33
\BOOKMARK [2][-]{subsection.7.1}{\376\377\000M\000o\000d\000e\000s}{section.7}% 34
\BOOKMARK [2][-]{subsection.7.2}{\376\377\000K\000e\000y\000b\000o\000a\000r\000d\000\040\000C\000o\000n\000t\000r\000o\000l\000s}{section.7}% 35
\BOOKMARK [2][-]{subsection.7.3}{\376\377\000H\000U\000D\000\040\000R\000e\000a\000d\000o\000u\000t\000s}{section.7}% 36
\BOOKMARK [1][-]{section.8}{\376\377\000T\000u\000n\000i\000n\000g\000\040\000P\000a\000r\000a\000m\000e\000t\000e\000r\000s}{}% 37
\BOOKMARK [1][-]{section.9}{\376\377\000P\000e\000r\000s\000i\000s\000t\000e\000n\000c\000e}{}% 38
\BOOKMARK [1][-]{section.10}{\376\377\000C\000o\000n\000c\000l\000u\000s\000i\000o\000n}{}% 39
